2019-10-02 20:19:47,725 - start_pytomo.py:1252 - CRITICAL - Log level set to DEBUG
2019-10-02 20:19:47,726 - start_pytomo.py:1259 - CRITICAL - YoutubeHelper: pytomo.util.YoutubeHelper
2019-10-02 20:19:47,726 - start_pytomo.py:1259 - CRITICAL - snmp_pytomoIpCount: .1.3.6.1.3.53.5.9.3.1.1.2
2019-10-02 20:19:47,726 - start_pytomo.py:1259 - CRITICAL - snmp_pytomoBufferingDuration: .1.3.6.1.3.53.5.9.2.1.1.23
2019-10-02 20:19:47,726 - start_pytomo.py:1259 - CRITICAL - snmp_pytomoCacheUrl: .1.3.6.1.3.53.5.9.2.1.1.4
2019-10-02 20:19:47,726 - start_pytomo.py:1259 - CRITICAL - snmp_pytomoPingMax: .1.3.6.1.3.53.5.9.2.1.1.12
2019-10-02 20:19:47,726 - start_pytomo.py:1259 - CRITICAL - HTTP_REDIRECT_SWITCH_PROXY: 306
2019-10-02 20:19:47,726 - start_pytomo.py:1259 - CRITICAL - DELAY_BETWEEN_REQUESTS: 10
2019-10-02 20:19:47,726 - start_pytomo.py:1259 - CRITICAL - MAX_NB_TRIES_ENCODING: 9
2019-10-02 20:19:47,726 - start_pytomo.py:1259 - CRITICAL - RRD_DIR: rrds
2019-10-02 20:19:47,726 - start_pytomo.py:1259 - CRITICAL - snmp_pytomoUrlStats: .1.3.6.1.3.53.5.9.2.1.1
2019-10-02 20:19:47,726 - start_pytomo.py:1259 - CRITICAL - INPUT_FILE: None
2019-10-02 20:19:47,726 - start_pytomo.py:1259 - CRITICAL - DOWNLOAD_TIME: 30.0
2019-10-02 20:19:47,726 - start_pytomo.py:1259 - CRITICAL - HTTP_REDIRECT_MOVED_PERMANENTLY: 301
2019-10-02 20:19:47,726 - start_pytomo.py:1259 - CRITICAL - snmp_pytomoResolver: .1.3.6.1.3.53.5.9.2.1.1.7
2019-10-02 20:19:47,726 - start_pytomo.py:1259 - CRITICAL - snmp_pytomoCacheServerDelay: .1.3.6.1.3.53.5.9.2.1.1.5
2019-10-02 20:19:47,726 - start_pytomo.py:1259 - CRITICAL - CRITICAL: 50
2019-10-02 20:19:47,726 - start_pytomo.py:1259 - CRITICAL - snmp_pytomoVideoDuration: .1.3.6.1.3.53.5.9.2.1.1.15
2019-10-02 20:19:47,726 - start_pytomo.py:1259 - CRITICAL - SEP_LINE: ################################################################################
2019-10-02 20:19:47,726 - start_pytomo.py:1259 - CRITICAL - BATCH_MODE: True
2019-10-02 20:19:47,726 - start_pytomo.py:1259 - CRITICAL - snmp_pytomoContact: .1.3.6.1.3.53.5.9.1.3
2019-10-02 20:19:47,726 - start_pytomo.py:1259 - CRITICAL - NAME_TO_LEVEL: {'DEBUG': 10, 'INFO': 20, 'WARNING': 30, 'CRITICAL': 50, 'ERROR': 40}
2019-10-02 20:19:47,726 - start_pytomo.py:1259 - CRITICAL - snmp_pytomoSleepTime: .1.3.6.1.3.53.5.9.1.5
2019-10-02 20:19:47,726 - start_pytomo.py:1259 - CRITICAL - DOWNLOADED_BY_IP: {}
2019-10-02 20:19:47,726 - start_pytomo.py:1259 - CRITICAL - INITIAL_PLAYBACK_DURATION: 2000
2019-10-02 20:19:47,727 - start_pytomo.py:1259 - CRITICAL - video_file_path: /home/ubuntu/youtube/code/pytomo/pytomo/../../../data/random_100.json
2019-10-02 20:19:47,727 - start_pytomo.py:1259 - CRITICAL - CENTRALISATION_SERVER: pytomo.dtdns.net
2019-10-02 20:19:47,727 - start_pytomo.py:1259 - CRITICAL - CLOUDFLARE_DNS: ('cloudflare_dns', '1.1.1.1')
2019-10-02 20:19:47,727 - start_pytomo.py:1259 - CRITICAL - NB_DOWNLOAD_VALUES: 15
2019-10-02 20:19:47,727 - start_pytomo.py:1259 - CRITICAL - snmp_pytomoAddressIp: .1.3.6.1.3.53.5.9.2.1.1.6
2019-10-02 20:19:47,727 - start_pytomo.py:1259 - CRITICAL - HTTP_REDIRECT_TEMPORARY_REDIRECT: 307
2019-10-02 20:19:47,727 - start_pytomo.py:1259 - CRITICAL - IPADDR_TIMEOUT: 5
2019-10-02 20:19:47,727 - start_pytomo.py:1259 - CRITICAL - LOG_PUBLIC_IP: True
2019-10-02 20:19:47,727 - start_pytomo.py:1259 - CRITICAL - MAX_ROUND_DURATION: 600
2019-10-02 20:19:47,727 - start_pytomo.py:1259 - CRITICAL - video_file: random_100.json
2019-10-02 20:19:47,727 - start_pytomo.py:1259 - CRITICAL - HTTP_REDIRECT_CODE_LIST: (300, 301, 302, 303, 304, 305, 306, 307, 308)
2019-10-02 20:19:47,727 - start_pytomo.py:1259 - CRITICAL - MAX_ROUNDS: 10000
2019-10-02 20:19:47,727 - start_pytomo.py:1259 - CRITICAL - snmp_pytomoVideoLength: .1.3.6.1.3.53.5.9.2.1.1.16
2019-10-02 20:19:47,727 - start_pytomo.py:1259 - CRITICAL - RRD_FILE: pytomo.rrd
2019-10-02 20:19:47,727 - start_pytomo.py:1259 - CRITICAL - OPEN_DNS: ('open_dns', '208.67.220.220')
2019-10-02 20:19:47,727 - start_pytomo.py:1259 - CRITICAL - LOOP: False
2019-10-02 20:19:47,727 - start_pytomo.py:1259 - CRITICAL - DATABASE_DIR: databases
2019-10-02 20:19:47,727 - start_pytomo.py:1259 - CRITICAL - AS_IDX: 8
2019-10-02 20:19:47,727 - start_pytomo.py:1259 - CRITICAL - snmp_pytomoDescr: .1.3.6.1.3.53.5.9.1.2
2019-10-02 20:19:47,727 - start_pytomo.py:1259 - CRITICAL - HTTP_REDIRECT_MULTIPLE_CHOICES: 300
2019-10-02 20:19:47,727 - start_pytomo.py:1259 - CRITICAL - BlackListException: <class 'pytomo.config_pytomo.BlackListException'>
2019-10-02 20:19:47,727 - start_pytomo.py:1259 - CRITICAL - snmp_pytomoPlaybackDuration: .1.3.6.1.3.53.5.9.2.1.1.24
2019-10-02 20:19:47,727 - start_pytomo.py:1259 - CRITICAL - RESULT_FILE: None
2019-10-02 20:19:47,727 - start_pytomo.py:1259 - CRITICAL - snmp_pytomoDownloadInterruptions: .1.3.6.1.3.53.5.9.2.1.1.19
2019-10-02 20:19:47,727 - start_pytomo.py:1259 - CRITICAL - snmp_pytomoObjectName: .1.3.6.1.3.53.5.9.1.1
2019-10-02 20:19:47,728 - start_pytomo.py:1259 - CRITICAL - TABLE_TIMESTAMP: None
2019-10-02 20:19:47,728 - start_pytomo.py:1259 - CRITICAL - snmp_pytomoDescr_str: Pytomo  is a YouTube crawler designed to figure out network information out of YouTube video download
2019-10-02 20:19:47,728 - start_pytomo.py:1259 - CRITICAL - STATS_IDX: (2, 0, 1, 3, 4, 5, 6, 7, 8, 9, 10, 11, 12, 13, 14, 15, 16, 17, 18, 19, 20, 21, 22, 23, 24, 25, 26, 27, 28)
2019-10-02 20:19:47,728 - start_pytomo.py:1259 - CRITICAL - snmp_pytomoVideoType: .1.3.6.1.3.53.5.9.2.1.1.14
2019-10-02 20:19:47,728 - start_pytomo.py:1259 - CRITICAL - RTT: None
2019-10-02 20:19:47,728 - start_pytomo.py:1259 - CRITICAL - MAX_CRAWLED_URLS: 10000
2019-10-02 20:19:47,728 - start_pytomo.py:1259 - CRITICAL - WARNING: 30
2019-10-02 20:19:47,728 - start_pytomo.py:1259 - CRITICAL - LOG_DIR: logs
2019-10-02 20:19:47,728 - start_pytomo.py:1259 - CRITICAL - snmp_pytomoEncodingRate: .1.3.6.1.3.53.5.9.2.1.1.17
2019-10-02 20:19:47,728 - start_pytomo.py:1259 - CRITICAL - snmp_pytomoRedirectUrl: .1.3.6.1.3.53.5.9.2.1.1.28
2019-10-02 20:19:47,728 - start_pytomo.py:1259 - CRITICAL - EXTRA_COUNTRY: None
2019-10-02 20:19:47,728 - start_pytomo.py:1259 - CRITICAL - HD_FIRST: False
2019-10-02 20:19:47,728 - start_pytomo.py:1259 - CRITICAL - IMAGE_DIR: plots
2019-10-02 20:19:47,728 - start_pytomo.py:1259 - CRITICAL - MIN_PLAYOUT_RESTART: 1.0
2019-10-02 20:19:47,728 - start_pytomo.py:1259 - CRITICAL - EXTRA_NAME_SERVERS_CC: []
2019-10-02 20:19:47,728 - start_pytomo.py:1259 - CRITICAL - AS_URL_TIMEOUT: 15
2019-10-02 20:19:47,728 - start_pytomo.py:1259 - CRITICAL - LEVEL_TO_NAME: {40: 'ERROR', 10: 'DEBUG', 20: 'INFO', 50: 'CRITICAL', 30: 'WARNING'}
2019-10-02 20:19:47,728 - start_pytomo.py:1259 - CRITICAL - NB_RELATED_VALUES: 2
2019-10-02 20:19:47,728 - start_pytomo.py:1259 - CRITICAL - snmp_pytomoResolveTime: .1.3.6.1.3.53.5.9.2.1.1.8
2019-10-02 20:19:47,728 - start_pytomo.py:1259 - CRITICAL - ERROR: 40
2019-10-02 20:19:47,728 - start_pytomo.py:1259 - CRITICAL - DEBUG: 10
2019-10-02 20:19:47,728 - start_pytomo.py:1259 - CRITICAL - snmp_pytomoBufferDurationAtEnd: .1.3.6.1.3.53.5.9.2.1.1.25
2019-10-02 20:19:47,728 - start_pytomo.py:1259 - CRITICAL - GOOGLE_PUBLIC_DNS: ('google_public_dns', '8.8.8.8')
2019-10-02 20:19:47,728 - start_pytomo.py:1259 - CRITICAL - DATABASE_TIMESTAMP: None
2019-10-02 20:19:47,729 - start_pytomo.py:1259 - CRITICAL - HTTP_REDIRECT_USE_PROXY: 305
2019-10-02 20:19:47,729 - start_pytomo.py:1259 - CRITICAL - TS_IDX: 0
2019-10-02 20:19:47,729 - start_pytomo.py:1259 - CRITICAL - PROVIDER: 
2019-10-02 20:19:47,729 - start_pytomo.py:1259 - CRITICAL - PROXIES: None
2019-10-02 20:19:47,729 - start_pytomo.py:1259 - CRITICAL - os: <module 'os' from '/usr/lib/python2.7/os.pyc'>
2019-10-02 20:19:47,729 - start_pytomo.py:1259 - CRITICAL - BLACK_LISTED: das_captcha
2019-10-02 20:19:47,729 - start_pytomo.py:1259 - CRITICAL - snmp_pytomoDownloadTime: .1.3.6.1.3.53.5.9.2.1.1.13
2019-10-02 20:19:47,729 - start_pytomo.py:1259 - CRITICAL - current_directory: /home/ubuntu/youtube/code/pytomo/pytomo
2019-10-02 20:19:47,729 - start_pytomo.py:1259 - CRITICAL - DEMO: False
2019-10-02 20:19:47,729 - start_pytomo.py:1259 - CRITICAL - CRAWLED_URLS_MODULO: 5
2019-10-02 20:19:47,729 - start_pytomo.py:1259 - CRITICAL - snmp_pytomoInitialData: .1.3.6.1.3.53.5.9.2.1.1.20
2019-10-02 20:19:47,729 - start_pytomo.py:1259 - CRITICAL - snmp_pytomoASCount: .1.3.6.1.3.53.5.9.4.1.1.2
2019-10-02 20:19:47,729 - start_pytomo.py:1259 - CRITICAL - snmp_pytomoGblStats: .1.3.6.1.3.53.5.9.1
2019-10-02 20:19:47,729 - start_pytomo.py:1259 - CRITICAL - snmp_pytomoIpName: .1.3.6.1.3.53.5.9.3.1.1.1
2019-10-02 20:19:47,729 - start_pytomo.py:1259 - CRITICAL - URL_TIMEOUT: 5
2019-10-02 20:19:47,729 - start_pytomo.py:1259 - CRITICAL - STATIC_URL_LIST: [u'www.youtube.com/watch?v=c5qP3bkNEeI', u'www.youtube.com/watch?v=KsCtcpQThDg', u'www.youtube.com/watch?v=6AG5U-w6PM4', u'www.youtube.com/watch?v=Ya4Tq9k3SIs', u'www.youtube.com/watch?v=L5d7-WDeWm4', u'www.youtube.com/watch?v=9xlBE1aeFhY', u'www.youtube.com/watch?v=8uFqfZOiwMc', u'www.youtube.com/watch?v=hoieWjBb2q4', u'www.youtube.com/watch?v=Sd8TwJlzmJ4', u'www.youtube.com/watch?v=6jUz61_Ug1s', u'www.youtube.com/watch?v=ykLg-SarwZ8', u'www.youtube.com/watch?v=0ZaBbUETEak', u'www.youtube.com/watch?v=rFPAtHqDIbg', u'www.youtube.com/watch?v=W1E3sKoS9hc', u'www.youtube.com/watch?v=RaEVpJUJjpM', u'www.youtube.com/watch?v=g4--uXu0doA', u'www.youtube.com/watch?v=8wsqSxtBX0M', u'www.youtube.com/watch?v=F8DMW1kcLKk', u'www.youtube.com/watch?v=wBTzELe1_XA', u'www.youtube.com/watch?v=0hn8Y5ChZzo', u'www.youtube.com/watch?v=SLthRP8vqtI', u'www.youtube.com/watch?v=JyUDK0uZ1oI', u'www.youtube.com/watch?v=-mU0JIR68PM', u'www.youtube.com/watch?v=kwJsHkK4pCM', u'www.youtube.com/watch?v=QnQF_zFArHg', u'www.youtube.com/watch?v=Lt4bQaPvsdQ', u'www.youtube.com/watch?v=8jPtB4in2x4', u'www.youtube.com/watch?v=Wn1FH9BS-Ic', u'www.youtube.com/watch?v=CGNzWpfDWak', u'www.youtube.com/watch?v=ZJym4cav7LE', u'www.youtube.com/watch?v=5E1X4qEhjiM', u'www.youtube.com/watch?v=yGAJYcm0bw8', u'www.youtube.com/watch?v=CMNahhgR_ss', u'www.youtube.com/watch?v=4rZgCndm4FQ', u'www.youtube.com/watch?v=Ac3uHZteRvE', u'www.youtube.com/watch?v=xhojiVhxE1Q', u'www.youtube.com/watch?v=9iGFLuHYz2k', u'www.youtube.com/watch?v=OSwKf4ufBos', u'www.youtube.com/watch?v=_dOePgjxSPU', u'www.youtube.com/watch?v=Wj1w7vD45fs', u'www.youtube.com/watch?v=dZ9Y1yDP-fw', u'www.youtube.com/watch?v=GUPhCWUVwaE', u'www.youtube.com/watch?v=E14c7Iizhiw', u'www.youtube.com/watch?v=F297SaVchhc', u'www.youtube.com/watch?v=vdtvuhKPpcw', u'www.youtube.com/watch?v=a2v_zGWawP0', u'www.youtube.com/watch?v=tFvTAz_Hsdc', u'www.youtube.com/watch?v=c1A5vJWM0Zg', u'www.youtube.com/watch?v=FvSZAgQUbEI', u'www.youtube.com/watch?v=1rdF4t4B59U', u'www.youtube.com/watch?v=tCgiFlxBcTo', u'www.youtube.com/watch?v=Vfx4PMwQcl0', u'www.youtube.com/watch?v=XXU59-FKv2I', u'www.youtube.com/watch?v=XE7Um6xTDig', u'www.youtube.com/watch?v=v9hytzDtKsw', u'www.youtube.com/watch?v=jC1PHMaVPvI', u'www.youtube.com/watch?v=vOka1aTd0xQ', u'www.youtube.com/watch?v=ArKMgzURE30', u'www.youtube.com/watch?v=1fWd9eBScgY', u'www.youtube.com/watch?v=OrXhbzW946Y', u'www.youtube.com/watch?v=x9unglcjOeo', u'www.youtube.com/watch?v=JD-g4KNKOnI', u'www.youtube.com/watch?v=HJuam53ARr4', u'www.youtube.com/watch?v=b8l49Pp3p4Q', u'www.youtube.com/watch?v=8Ur9211X9aU', u'www.youtube.com/watch?v=bLLDxaXVWls', u'www.youtube.com/watch?v=FGIqEVsIrBU', u'www.youtube.com/watch?v=p2ZljzdGPUg', u'www.youtube.com/watch?v=KE-YB08BAqw', u'www.youtube.com/watch?v=8N8WekXupV8', u'www.youtube.com/watch?v=QYkXXGzfSlk', u'www.youtube.com/watch?v=LWiAwIa2H7c', u'www.youtube.com/watch?v=Iq9MmpkLoD0', u'www.youtube.com/watch?v=4vszGcGzSjU', u'www.youtube.com/watch?v=I1ZyO-YpRRs', u'www.youtube.com/watch?v=QY9fkiYWBAk', u'www.youtube.com/watch?v=J3jiXetRl0o', u'www.youtube.com/watch?v=jrZC7smYvCQ', u'www.youtube.com/watch?v=OZt40pkwKWk', u'www.youtube.com/watch?v=CCGIKrSoSa4', u'www.youtube.com/watch?v=Ikp0WMpvmNs', u'www.youtube.com/watch?v=mmL496WA7m8', u'www.youtube.com/watch?v=W1HJ-Y-u47A', u'www.youtube.com/watch?v=2DvGn1-FIvQ', u'www.youtube.com/watch?v=Wyo4I4gvWkU', u'www.youtube.com/watch?v=gK2y_-_S3R8', u'www.youtube.com/watch?v=Rl5OQAy64zM', u'www.youtube.com/watch?v=1lKSjjGSK6U', u'www.youtube.com/watch?v=3S31gULBLIQ', u'www.youtube.com/watch?v=VaKhk5RFKRg', u'www.youtube.com/watch?v=7FRLkUXc1Q4', u'www.youtube.com/watch?v=ucx8ub5tbGw', u'www.youtube.com/watch?v=ODwBvgo_1hM', u'www.youtube.com/watch?v=B9FA2s-XVKo', u'www.youtube.com/watch?v=jsGBuu88WE0', u'www.youtube.com/watch?v=pPDabjCM9ZM', u'www.youtube.com/watch?v=DKftiJS30Cs', u'www.youtube.com/watch?v=RtcmTexLnaw', u'www.youtube.com/watch?v=f2tlSDQ8lOM', u'www.youtube.com/watch?v=os1ZKv-8Oe4', u'www.youtube.com/watch?v=jS13Bkmf7tA']
2019-10-02 20:19:47,729 - start_pytomo.py:1259 - CRITICAL - NB_FIELDS: 28
2019-10-02 20:19:47,729 - start_pytomo.py:1259 - CRITICAL - RELATED: False
2019-10-02 20:19:47,729 - start_pytomo.py:1259 - CRITICAL - NB_PING_VALUES: 3
2019-10-02 20:19:47,729 - start_pytomo.py:1259 - CRITICAL - CRAWL_SERVICE: youtube
2019-10-02 20:19:47,729 - start_pytomo.py:1259 - CRITICAL - TABLE: pytomo_crawl
2019-10-02 20:19:47,729 - start_pytomo.py:1259 - CRITICAL - DNS_TIMEOUT: 4.0
2019-10-02 20:19:47,729 - start_pytomo.py:1259 - CRITICAL - DOC_DIR: templates/doc/
2019-10-02 20:19:47,729 - start_pytomo.py:1259 - CRITICAL - COLUMN_NAMES: ['DownloadBytes', 'MaxInstantThp', 'PingMin', 'PingAvg', 'PingMax', 'DownloadTime', 'VideoDuration', 'VideoLength', 'EncodingRate', 'DownloadBytes', 'DownloadInterruptions', 'BufferingDuration', 'PlaybackDuration', 'BufferDurationAtEnd', 'MaxInstantThp']
2019-10-02 20:19:47,729 - start_pytomo.py:1259 - CRITICAL - snmp_pytomoASStats: .1.3.6.1.3.53.5.9.4.1.1
2019-10-02 20:19:47,730 - start_pytomo.py:1259 - CRITICAL - MAX_PER_PAGE: 10
2019-10-02 20:19:47,730 - start_pytomo.py:1259 - CRITICAL - IP_IDX: 5
2019-10-02 20:19:47,730 - start_pytomo.py:1259 - CRITICAL - USER_INPUT_TIMEOUT: 10
2019-10-02 20:19:47,730 - start_pytomo.py:1259 - CRITICAL - TIME_FRAME: today
2019-10-02 20:19:47,730 - start_pytomo.py:1259 - CRITICAL - STD_HEADERS: {'Accept-Charset': 'ISO-8859-1,utf-8;q=0.7,*;q=0.7', 'Cookie': 'YSC=h9wy7hcXxIo; VISITOR_INFO1_LIVE=d5TlLfzb2K0; PREF=f1=50000000; s_gl=1d69aac621b2f9c0a25dade722d6e24bcwIAAABVUw==', 'Accept-Language': 'en-us,en;q=0.5', 'Accept': 'text/html,application/xhtml+xml,application/xml;q=0.9,*/*;q=0.8', 'User-Agent': 'Mozilla/5.0 (X11; U; Linux x86_64; en-US; rv:10.0)     Gecko/20100101 Firefox/10.0'}
2019-10-02 20:19:47,730 - start_pytomo.py:1259 - CRITICAL - snmp_pytomoASName: .1.3.6.1.3.53.5.9.4.1.1.1
2019-10-02 20:19:47,730 - start_pytomo.py:1259 - CRITICAL - snmp_pytomoAsNumber: .1.3.6.1.3.53.5.9.2.1.1.9
2019-10-02 20:19:47,730 - start_pytomo.py:1259 - CRITICAL - IMAGE_FILE: pytomo_image.png
2019-10-02 20:19:47,730 - start_pytomo.py:1259 - CRITICAL - FREQ_FULL_DOWNLOAD: None
2019-10-02 20:19:47,730 - start_pytomo.py:1259 - CRITICAL - WEB_DEFAULT_PORT: 5555
2019-10-02 20:19:47,730 - start_pytomo.py:1259 - CRITICAL - INFO: 20
2019-10-02 20:19:47,730 - start_pytomo.py:1259 - CRITICAL - PLOT: False
2019-10-02 20:19:47,730 - start_pytomo.py:1259 - CRITICAL - HTTP_REDIRECT_PERMANENT_REDIRECT: 308
2019-10-02 20:19:47,730 - start_pytomo.py:1259 - CRITICAL - DOWNLOAD_FROM_EXTRA_IPS: False
2019-10-02 20:19:47,730 - start_pytomo.py:1259 - CRITICAL - DATABASE: pytomo_database.db
2019-10-02 20:19:47,730 - start_pytomo.py:1259 - CRITICAL - video_json: {u'items': [{u'id': u'c5qP3bkNEeI'}, {u'id': u'KsCtcpQThDg'}, {u'id': u'6AG5U-w6PM4'}, {u'id': u'Ya4Tq9k3SIs'}, {u'id': u'L5d7-WDeWm4'}, {u'id': u'9xlBE1aeFhY'}, {u'id': u'8uFqfZOiwMc'}, {u'id': u'hoieWjBb2q4'}, {u'id': u'Sd8TwJlzmJ4'}, {u'id': u'6jUz61_Ug1s'}, {u'id': u'ykLg-SarwZ8'}, {u'id': u'0ZaBbUETEak'}, {u'id': u'rFPAtHqDIbg'}, {u'id': u'W1E3sKoS9hc'}, {u'id': u'RaEVpJUJjpM'}, {u'id': u'g4--uXu0doA'}, {u'id': u'8wsqSxtBX0M'}, {u'id': u'F8DMW1kcLKk'}, {u'id': u'wBTzELe1_XA'}, {u'id': u'0hn8Y5ChZzo'}, {u'id': u'SLthRP8vqtI'}, {u'id': u'JyUDK0uZ1oI'}, {u'id': u'-mU0JIR68PM'}, {u'id': u'kwJsHkK4pCM'}, {u'id': u'QnQF_zFArHg'}, {u'id': u'Lt4bQaPvsdQ'}, {u'id': u'8jPtB4in2x4'}, {u'id': u'Wn1FH9BS-Ic'}, {u'id': u'CGNzWpfDWak'}, {u'id': u'ZJym4cav7LE'}, {u'id': u'5E1X4qEhjiM'}, {u'id': u'yGAJYcm0bw8'}, {u'id': u'CMNahhgR_ss'}, {u'id': u'4rZgCndm4FQ'}, {u'id': u'Ac3uHZteRvE'}, {u'id': u'xhojiVhxE1Q'}, {u'id': u'9iGFLuHYz2k'}, {u'id': u'OSwKf4ufBos'}, {u'id': u'_dOePgjxSPU'}, {u'id': u'Wj1w7vD45fs'}, {u'id': u'dZ9Y1yDP-fw'}, {u'id': u'GUPhCWUVwaE'}, {u'id': u'E14c7Iizhiw'}, {u'id': u'F297SaVchhc'}, {u'id': u'vdtvuhKPpcw'}, {u'id': u'a2v_zGWawP0'}, {u'id': u'tFvTAz_Hsdc'}, {u'id': u'c1A5vJWM0Zg'}, {u'id': u'FvSZAgQUbEI'}, {u'id': u'1rdF4t4B59U'}, {u'id': u'tCgiFlxBcTo'}, {u'id': u'Vfx4PMwQcl0'}, {u'id': u'XXU59-FKv2I'}, {u'id': u'XE7Um6xTDig'}, {u'id': u'v9hytzDtKsw'}, {u'id': u'jC1PHMaVPvI'}, {u'id': u'vOka1aTd0xQ'}, {u'id': u'ArKMgzURE30'}, {u'id': u'1fWd9eBScgY'}, {u'id': u'OrXhbzW946Y'}, {u'id': u'x9unglcjOeo'}, {u'id': u'JD-g4KNKOnI'}, {u'id': u'HJuam53ARr4'}, {u'id': u'b8l49Pp3p4Q'}, {u'id': u'8Ur9211X9aU'}, {u'id': u'bLLDxaXVWls'}, {u'id': u'FGIqEVsIrBU'}, {u'id': u'p2ZljzdGPUg'}, {u'id': u'KE-YB08BAqw'}, {u'id': u'8N8WekXupV8'}, {u'id': u'QYkXXGzfSlk'}, {u'id': u'LWiAwIa2H7c'}, {u'id': u'Iq9MmpkLoD0'}, {u'id': u'4vszGcGzSjU'}, {u'id': u'I1ZyO-YpRRs'}, {u'id': u'QY9fkiYWBAk'}, {u'id': u'J3jiXetRl0o'}, {u'id': u'jrZC7smYvCQ'}, {u'id': u'OZt40pkwKWk'}, {u'id': u'CCGIKrSoSa4'}, {u'id': u'Ikp0WMpvmNs'}, {u'id': u'mmL496WA7m8'}, {u'id': u'W1HJ-Y-u47A'}, {u'id': u'2DvGn1-FIvQ'}, {u'id': u'Wyo4I4gvWkU'}, {u'id': u'gK2y_-_S3R8'}, {u'id': u'Rl5OQAy64zM'}, {u'id': u'1lKSjjGSK6U'}, {u'id': u'3S31gULBLIQ'}, {u'id': u'VaKhk5RFKRg'}, {u'id': u'7FRLkUXc1Q4'}, {u'id': u'ucx8ub5tbGw'}, {u'id': u'ODwBvgo_1hM'}, {u'id': u'B9FA2s-XVKo'}, {u'id': u'jsGBuu88WE0'}, {u'id': u'pPDabjCM9ZM'}, {u'id': u'DKftiJS30Cs'}, {u'id': u'RtcmTexLnaw'}, {u'id': u'f2tlSDQ8lOM'}, {u'id': u'os1ZKv-8Oe4'}, {u'id': u'jS13Bkmf7tA'}]}
2019-10-02 20:19:47,730 - start_pytomo.py:1259 - CRITICAL - EXTRA_NAME_SERVERS: [('google_public_dns', '8.8.8.8'), ('open_dns', '208.67.220.220'), ('cloudflare_dns', '1.1.1.1')]
2019-10-02 20:19:47,730 - start_pytomo.py:1259 - CRITICAL - SNMP: False
2019-10-02 20:19:47,730 - start_pytomo.py:1259 - CRITICAL - snmp_pytomoIpStats: .1.3.6.1.3.53.5.9.3.1.1
2019-10-02 20:19:47,730 - start_pytomo.py:1259 - CRITICAL - INITIAL_BUFFER: 2.0
2019-10-02 20:19:47,730 - start_pytomo.py:1259 - CRITICAL - CENTRALISE_DATA: False
2019-10-02 20:19:47,730 - start_pytomo.py:1259 - CRITICAL - ROOT_OID: .1.3.6.1.3.53.5.9
2019-10-02 20:19:47,730 - start_pytomo.py:1259 - CRITICAL - HTTP_REDIRECT_FOUND: 302
2019-10-02 20:19:47,731 - start_pytomo.py:1259 - CRITICAL - PING_PACKETS: 10
2019-10-02 20:19:47,731 - start_pytomo.py:1259 - CRITICAL - USE_PACKAGE_DIR: False
2019-10-02 20:19:47,731 - start_pytomo.py:1259 - CRITICAL - SKIP_COMPUTED: False
2019-10-02 20:19:47,731 - start_pytomo.py:1259 - CRITICAL - RESULT_DIR: results
2019-10-02 20:19:47,731 - start_pytomo.py:1259 - CRITICAL - LOG: <logging.Logger object at 0x7f4e1ea75b10>
2019-10-02 20:19:47,731 - start_pytomo.py:1259 - CRITICAL - MAX_DOWNLOAD_TIME: 600.0
2019-10-02 20:19:47,731 - start_pytomo.py:1259 - CRITICAL - PDF_DIR: pdfs
2019-10-02 20:19:47,731 - start_pytomo.py:1259 - CRITICAL - snmp_pytomoStatusCode: .1.3.6.1.3.53.5.9.2.1.1.29
2019-10-02 20:19:47,731 - start_pytomo.py:1259 - CRITICAL - RRD_PLOT_DIR: images
2019-10-02 20:19:47,731 - start_pytomo.py:1259 - CRITICAL - snmp_pytomoUrlIndex: .1.3.6.1.3.53.5.9.2.1.1.1
2019-10-02 20:19:47,731 - start_pytomo.py:1259 - CRITICAL - LOG_LEVEL: 10
2019-10-02 20:19:47,731 - start_pytomo.py:1259 - CRITICAL - PDF_FILE: report.pdf
2019-10-02 20:19:47,731 - start_pytomo.py:1259 - CRITICAL - DOWNLOADED_BY_AS: {}
2019-10-02 20:19:47,731 - start_pytomo.py:1259 - CRITICAL - snmp_pytomoTimeTogetFirstByte: .1.3.6.1.3.53.5.9.2.1.1.26
2019-10-02 20:19:47,731 - start_pytomo.py:1259 - CRITICAL - snmp_pytomoDownloadDuration: .1.3.6.1.3.53.5.9.1.4
2019-10-02 20:19:47,731 - start_pytomo.py:1259 - CRITICAL - snmp_pytomoPingMin: .1.3.6.1.3.53.5.9.2.1.1.10
2019-10-02 20:19:47,731 - start_pytomo.py:1259 - CRITICAL - snmp_pytomoInitialPlaybackBuffer: .1.3.6.1.3.53.5.9.2.1.1.22
2019-10-02 20:19:47,731 - start_pytomo.py:1259 - CRITICAL - MIN_PLAYOUT_BUFFER: 0.1
2019-10-02 20:19:47,731 - start_pytomo.py:1259 - CRITICAL - TEMPLATE_FILE: index.html
2019-10-02 20:19:47,731 - start_pytomo.py:1259 - CRITICAL - snmp_pytomoInitialRate: .1.3.6.1.3.53.5.9.2.1.1.21
2019-10-02 20:19:47,731 - start_pytomo.py:1259 - CRITICAL - URL_IDX: 2
2019-10-02 20:19:47,731 - start_pytomo.py:1259 - CRITICAL - MAX_PER_URL: 10
2019-10-02 20:19:47,731 - start_pytomo.py:1259 - CRITICAL - TEMPLATES_DIR: templates
2019-10-02 20:19:47,731 - start_pytomo.py:1259 - CRITICAL - MAX_NB_REDIRECT: 10
2019-10-02 20:19:47,731 - start_pytomo.py:1259 - CRITICAL - LOG_FILE: pytomo.log
2019-10-02 20:19:47,731 - start_pytomo.py:1259 - CRITICAL - snmp_pytomoContact_str: Jean-Luc Sire / Pascal Beringuie 
2019-10-02 20:19:47,732 - start_pytomo.py:1259 - CRITICAL - snmp_pytomoService: .1.3.6.1.3.53.5.9.2.1.1.3
2019-10-02 20:19:47,732 - start_pytomo.py:1259 - CRITICAL - load_json_from_file: <function load_json_from_file at 0x7f4e1f216848>
2019-10-02 20:19:47,732 - start_pytomo.py:1259 - CRITICAL - NB_IDENT_VALUES: 8
2019-10-02 20:19:47,732 - start_pytomo.py:1259 - CRITICAL - LOG_FILE_TIMESTAMP: /home/ubuntu/logs/ip-172-31-6-111.youtube.2019-10-02.20_19_47.pytomo.log
2019-10-02 20:19:47,732 - start_pytomo.py:1259 - CRITICAL - SYSTEM: None
2019-10-02 20:19:47,732 - start_pytomo.py:1259 - CRITICAL - snmp_pytomoTimeStamp: .1.3.6.1.3.53.5.9.2.1.1.2
2019-10-02 20:19:47,732 - start_pytomo.py:1259 - CRITICAL - snmp_pytomoObjectName_str: Pytomo instance
2019-10-02 20:19:47,732 - start_pytomo.py:1259 - CRITICAL - HTTP_REDIRECT_SEE_OTHER: 303
2019-10-02 20:19:47,732 - start_pytomo.py:1259 - CRITICAL - snmp_pytomoPingAvg: .1.3.6.1.3.53.5.9.2.1.1.11
2019-10-02 20:19:47,732 - start_pytomo.py:1259 - CRITICAL - HTTP_OK: 200
2019-10-02 20:19:47,732 - start_pytomo.py:1259 - CRITICAL - snmp_pytomoMaxInstantThp: .1.3.6.1.3.53.5.9.2.1.1.27
2019-10-02 20:19:47,732 - start_pytomo.py:1259 - CRITICAL - snmp_pytomoDownloadBytes: .1.3.6.1.3.53.5.9.2.1.1.18
2019-10-02 20:19:47,732 - start_pytomo.py:1259 - CRITICAL - HTTP_REDIRECT_NOT_MODIFIED: 304
2019-10-02 20:19:47,732 - start_pytomo.py:1440 - CRITICAL - Offset between local time and UTC: 0
2019-10-02 20:19:47,732 - start_pytomo.py:1441 - WARNING - Pytomo version = 3.0.5
2019-10-02 20:19:47,734 - start_pytomo.py:1444 - WARNING - Pytomo is running on this system: Linux
2019-10-02 20:19:47,734 - start_pytomo.py:1312 - CRITICAL - The Max Crawls has been set to: 10000
2019-10-02 20:19:48,182 - start_pytomo.py:1205 - CRITICAL - Machine has this public IP address: 13.52.99.224
2019-10-02 20:19:48,183 - start_pytomo.py:1497 - DEBUG - Service for most popular links youtube
2019-10-02 20:19:48,183 - start_pytomo.py:920 - CRITICAL - Start crawl
2019-10-02 20:19:48,183 - lib_database.py:213 - INFO - Created connection to data base Database: ip-172-31-6-111.youtube.2019-10-02.20_19_47.pytomo_database.db
2019-10-02 20:19:48,188 - lib_database.py:264 - INFO - Creating table : pytomo_crawl_2019_10_02_20_19_47
2019-10-02 20:19:48,188 - start_pytomo.py:935 - DEBUG - STATIC_URL_LIST: [u'www.youtube.com/watch?v=c5qP3bkNEeI', u'www.youtube.com/watch?v=KsCtcpQThDg', u'www.youtube.com/watch?v=6AG5U-w6PM4', u'www.youtube.com/watch?v=Ya4Tq9k3SIs', u'www.youtube.com/watch?v=L5d7-WDeWm4', u'www.youtube.com/watch?v=9xlBE1aeFhY', u'www.youtube.com/watch?v=8uFqfZOiwMc', u'www.youtube.com/watch?v=hoieWjBb2q4', u'www.youtube.com/watch?v=Sd8TwJlzmJ4', u'www.youtube.com/watch?v=6jUz61_Ug1s', u'www.youtube.com/watch?v=ykLg-SarwZ8', u'www.youtube.com/watch?v=0ZaBbUETEak', u'www.youtube.com/watch?v=rFPAtHqDIbg', u'www.youtube.com/watch?v=W1E3sKoS9hc', u'www.youtube.com/watch?v=RaEVpJUJjpM', u'www.youtube.com/watch?v=g4--uXu0doA', u'www.youtube.com/watch?v=8wsqSxtBX0M', u'www.youtube.com/watch?v=F8DMW1kcLKk', u'www.youtube.com/watch?v=wBTzELe1_XA', u'www.youtube.com/watch?v=0hn8Y5ChZzo', u'www.youtube.com/watch?v=SLthRP8vqtI', u'www.youtube.com/watch?v=JyUDK0uZ1oI', u'www.youtube.com/watch?v=-mU0JIR68PM', u'www.youtube.com/watch?v=kwJsHkK4pCM', u'www.youtube.com/watch?v=QnQF_zFArHg', u'www.youtube.com/watch?v=Lt4bQaPvsdQ', u'www.youtube.com/watch?v=8jPtB4in2x4', u'www.youtube.com/watch?v=Wn1FH9BS-Ic', u'www.youtube.com/watch?v=CGNzWpfDWak', u'www.youtube.com/watch?v=ZJym4cav7LE', u'www.youtube.com/watch?v=5E1X4qEhjiM', u'www.youtube.com/watch?v=yGAJYcm0bw8', u'www.youtube.com/watch?v=CMNahhgR_ss', u'www.youtube.com/watch?v=4rZgCndm4FQ', u'www.youtube.com/watch?v=Ac3uHZteRvE', u'www.youtube.com/watch?v=xhojiVhxE1Q', u'www.youtube.com/watch?v=9iGFLuHYz2k', u'www.youtube.com/watch?v=OSwKf4ufBos', u'www.youtube.com/watch?v=_dOePgjxSPU', u'www.youtube.com/watch?v=Wj1w7vD45fs', u'www.youtube.com/watch?v=dZ9Y1yDP-fw', u'www.youtube.com/watch?v=GUPhCWUVwaE', u'www.youtube.com/watch?v=E14c7Iizhiw', u'www.youtube.com/watch?v=F297SaVchhc', u'www.youtube.com/watch?v=vdtvuhKPpcw', u'www.youtube.com/watch?v=a2v_zGWawP0', u'www.youtube.com/watch?v=tFvTAz_Hsdc', u'www.youtube.com/watch?v=c1A5vJWM0Zg', u'www.youtube.com/watch?v=FvSZAgQUbEI', u'www.youtube.com/watch?v=1rdF4t4B59U', u'www.youtube.com/watch?v=tCgiFlxBcTo', u'www.youtube.com/watch?v=Vfx4PMwQcl0', u'www.youtube.com/watch?v=XXU59-FKv2I', u'www.youtube.com/watch?v=XE7Um6xTDig', u'www.youtube.com/watch?v=v9hytzDtKsw', u'www.youtube.com/watch?v=jC1PHMaVPvI', u'www.youtube.com/watch?v=vOka1aTd0xQ', u'www.youtube.com/watch?v=ArKMgzURE30', u'www.youtube.com/watch?v=1fWd9eBScgY', u'www.youtube.com/watch?v=OrXhbzW946Y', u'www.youtube.com/watch?v=x9unglcjOeo', u'www.youtube.com/watch?v=JD-g4KNKOnI', u'www.youtube.com/watch?v=HJuam53ARr4', u'www.youtube.com/watch?v=b8l49Pp3p4Q', u'www.youtube.com/watch?v=8Ur9211X9aU', u'www.youtube.com/watch?v=bLLDxaXVWls', u'www.youtube.com/watch?v=FGIqEVsIrBU', u'www.youtube.com/watch?v=p2ZljzdGPUg', u'www.youtube.com/watch?v=KE-YB08BAqw', u'www.youtube.com/watch?v=8N8WekXupV8', u'www.youtube.com/watch?v=QYkXXGzfSlk', u'www.youtube.com/watch?v=LWiAwIa2H7c', u'www.youtube.com/watch?v=Iq9MmpkLoD0', u'www.youtube.com/watch?v=4vszGcGzSjU', u'www.youtube.com/watch?v=I1ZyO-YpRRs', u'www.youtube.com/watch?v=QY9fkiYWBAk', u'www.youtube.com/watch?v=J3jiXetRl0o', u'www.youtube.com/watch?v=jrZC7smYvCQ', u'www.youtube.com/watch?v=OZt40pkwKWk', u'www.youtube.com/watch?v=CCGIKrSoSa4', u'www.youtube.com/watch?v=Ikp0WMpvmNs', u'www.youtube.com/watch?v=mmL496WA7m8', u'www.youtube.com/watch?v=W1HJ-Y-u47A', u'www.youtube.com/watch?v=2DvGn1-FIvQ', u'www.youtube.com/watch?v=Wyo4I4gvWkU', u'www.youtube.com/watch?v=gK2y_-_S3R8', u'www.youtube.com/watch?v=Rl5OQAy64zM', u'www.youtube.com/watch?v=1lKSjjGSK6U', u'www.youtube.com/watch?v=3S31gULBLIQ', u'www.youtube.com/watch?v=VaKhk5RFKRg', u'www.youtube.com/watch?v=7FRLkUXc1Q4', u'www.youtube.com/watch?v=ucx8ub5tbGw', u'www.youtube.com/watch?v=ODwBvgo_1hM', u'www.youtube.com/watch?v=B9FA2s-XVKo', u'www.youtube.com/watch?v=jsGBuu88WE0', u'www.youtube.com/watch?v=pPDabjCM9ZM', u'www.youtube.com/watch?v=DKftiJS30Cs', u'www.youtube.com/watch?v=RtcmTexLnaw', u'www.youtube.com/watch?v=f2tlSDQ8lOM', u'www.youtube.com/watch?v=os1ZKv-8Oe4', u'www.youtube.com/watch?v=jS13Bkmf7tA']
2019-10-02 20:19:48,188 - start_pytomo.py:877 - WARNING - Round 0 started
################################################################################
2019-10-02 20:19:48,188 - start_pytomo.py:888 - INFO - Name servers at round [('_google_public_dns', '8.8.8.8'), ('_open_dns', '208.67.220.220'), ('_cloudflare_dns', '1.1.1.1')]:
2019-10-02 20:19:48,189 - start_pytomo.py:860 - DEBUG - input_links: set([u'www.youtube.com/watch?v=x9unglcjOeo', u'www.youtube.com/watch?v=-mU0JIR68PM', u'www.youtube.com/watch?v=os1ZKv-8Oe4', u'www.youtube.com/watch?v=4rZgCndm4FQ', u'www.youtube.com/watch?v=RtcmTexLnaw', u'www.youtube.com/watch?v=L5d7-WDeWm4', u'www.youtube.com/watch?v=3S31gULBLIQ', u'www.youtube.com/watch?v=ykLg-SarwZ8', u'www.youtube.com/watch?v=QY9fkiYWBAk', u'www.youtube.com/watch?v=E14c7Iizhiw', u'www.youtube.com/watch?v=J3jiXetRl0o', u'www.youtube.com/watch?v=c1A5vJWM0Zg', u'www.youtube.com/watch?v=Wj1w7vD45fs', u'www.youtube.com/watch?v=Ikp0WMpvmNs', u'www.youtube.com/watch?v=Sd8TwJlzmJ4', u'www.youtube.com/watch?v=VaKhk5RFKRg', u'www.youtube.com/watch?v=yGAJYcm0bw8', u'www.youtube.com/watch?v=GUPhCWUVwaE', u'www.youtube.com/watch?v=tCgiFlxBcTo', u'www.youtube.com/watch?v=CCGIKrSoSa4', u'www.youtube.com/watch?v=0ZaBbUETEak', u'www.youtube.com/watch?v=v9hytzDtKsw', u'www.youtube.com/watch?v=pPDabjCM9ZM', u'www.youtube.com/watch?v=Wn1FH9BS-Ic', u'www.youtube.com/watch?v=Lt4bQaPvsdQ', u'www.youtube.com/watch?v=FvSZAgQUbEI', u'www.youtube.com/watch?v=0hn8Y5ChZzo', u'www.youtube.com/watch?v=CGNzWpfDWak', u'www.youtube.com/watch?v=mmL496WA7m8', u'www.youtube.com/watch?v=g4--uXu0doA', u'www.youtube.com/watch?v=6AG5U-w6PM4', u'www.youtube.com/watch?v=W1HJ-Y-u47A', u'www.youtube.com/watch?v=Wyo4I4gvWkU', u'www.youtube.com/watch?v=jC1PHMaVPvI', u'www.youtube.com/watch?v=ArKMgzURE30', u'www.youtube.com/watch?v=rFPAtHqDIbg', u'www.youtube.com/watch?v=_dOePgjxSPU', u'www.youtube.com/watch?v=dZ9Y1yDP-fw', u'www.youtube.com/watch?v=OZt40pkwKWk', u'www.youtube.com/watch?v=QYkXXGzfSlk', u'www.youtube.com/watch?v=QnQF_zFArHg', u'www.youtube.com/watch?v=7FRLkUXc1Q4', u'www.youtube.com/watch?v=JD-g4KNKOnI', u'www.youtube.com/watch?v=HJuam53ARr4', u'www.youtube.com/watch?v=bLLDxaXVWls', u'www.youtube.com/watch?v=2DvGn1-FIvQ', u'www.youtube.com/watch?v=f2tlSDQ8lOM', u'www.youtube.com/watch?v=jsGBuu88WE0', u'www.youtube.com/watch?v=vdtvuhKPpcw', u'www.youtube.com/watch?v=SLthRP8vqtI', u'www.youtube.com/watch?v=8uFqfZOiwMc', u'www.youtube.com/watch?v=B9FA2s-XVKo', u'www.youtube.com/watch?v=Iq9MmpkLoD0', u'www.youtube.com/watch?v=LWiAwIa2H7c', u'www.youtube.com/watch?v=vOka1aTd0xQ', u'www.youtube.com/watch?v=ODwBvgo_1hM', u'www.youtube.com/watch?v=gK2y_-_S3R8', u'www.youtube.com/watch?v=8wsqSxtBX0M', u'www.youtube.com/watch?v=KsCtcpQThDg', u'www.youtube.com/watch?v=6jUz61_Ug1s', u'www.youtube.com/watch?v=8N8WekXupV8', u'www.youtube.com/watch?v=W1E3sKoS9hc', u'www.youtube.com/watch?v=RaEVpJUJjpM', u'www.youtube.com/watch?v=b8l49Pp3p4Q', u'www.youtube.com/watch?v=Ya4Tq9k3SIs', u'www.youtube.com/watch?v=F297SaVchhc', u'www.youtube.com/watch?v=xhojiVhxE1Q', u'www.youtube.com/watch?v=1lKSjjGSK6U', u'www.youtube.com/watch?v=KE-YB08BAqw', u'www.youtube.com/watch?v=OSwKf4ufBos', u'www.youtube.com/watch?v=I1ZyO-YpRRs', u'www.youtube.com/watch?v=kwJsHkK4pCM', u'www.youtube.com/watch?v=4vszGcGzSjU', u'www.youtube.com/watch?v=F8DMW1kcLKk', u'www.youtube.com/watch?v=c5qP3bkNEeI', u'www.youtube.com/watch?v=1fWd9eBScgY', u'www.youtube.com/watch?v=8jPtB4in2x4', u'www.youtube.com/watch?v=p2ZljzdGPUg', u'www.youtube.com/watch?v=ucx8ub5tbGw', u'www.youtube.com/watch?v=jrZC7smYvCQ', u'www.youtube.com/watch?v=1rdF4t4B59U', u'www.youtube.com/watch?v=9xlBE1aeFhY', u'www.youtube.com/watch?v=8Ur9211X9aU', u'www.youtube.com/watch?v=jS13Bkmf7tA', u'www.youtube.com/watch?v=Rl5OQAy64zM', u'www.youtube.com/watch?v=OrXhbzW946Y', u'www.youtube.com/watch?v=hoieWjBb2q4', u'www.youtube.com/watch?v=XXU59-FKv2I', u'www.youtube.com/watch?v=FGIqEVsIrBU', u'www.youtube.com/watch?v=DKftiJS30Cs', u'www.youtube.com/watch?v=5E1X4qEhjiM', u'www.youtube.com/watch?v=Vfx4PMwQcl0', u'www.youtube.com/watch?v=CMNahhgR_ss', u'www.youtube.com/watch?v=tFvTAz_Hsdc', u'www.youtube.com/watch?v=ZJym4cav7LE', u'www.youtube.com/watch?v=Ac3uHZteRvE', u'www.youtube.com/watch?v=a2v_zGWawP0', u'www.youtube.com/watch?v=JyUDK0uZ1oI', u'www.youtube.com/watch?v=wBTzELe1_XA', u'www.youtube.com/watch?v=XE7Um6xTDig', u'www.youtube.com/watch?v=9iGFLuHYz2k'])
2019-10-02 20:19:48,189 - start_pytomo.py:757 - DEBUG - Crawl of url# 0: www.youtube.com/watch?v=x9unglcjOeo
2019-10-02 20:19:48,189 - lib_youtube_download.py:290 - DEBUG - instanciate a Youtube FileDownloader with download_time: 30.0
2019-10-02 20:19:48,189 - lib_general_download.py:191 - DEBUG - Max download_time is: 30
2019-10-02 20:19:48,190 - lib_youtube_download.py:295 - DEBUG - Download webpage x9unglcjOeo
2019-10-02 20:19:48,431 - lib_youtube_download.py:160 - DEBUG - 24 keys of video_info are : ['account_playback_token', 'enablecsi', 'fflags', 'cbr', 'fexp', 'vss_host', 'csi_page_type', 'cr', 'cver', 'csn', 'innertube_api_version', 'host_language', 'gapi_hint_params', 'status', 'innertube_api_key', 'watermark', 'timestamp', 'cos', 'root_ve_type', 'innertube_context_client_version', 'hl', 'c', 'cbrver', 'player_response']
2019-10-02 20:19:48,432 - lib_youtube_download.py:161 - DEBUG - video_info['account_playback_token'] : ['QUFFLUhqbEh6ZERMZ1lWZU1hUmVrc0k4OHdNanhib0hRZ3xBQ3Jtc0tsOXlBVDkzcGMxQ2w3d0hPZXp6S3lxTkhQTE54NHdLQjlFMkxHcWxtSlZ1eEhhZi1QcXV1VjIxdkljRkVUeDU4ZzFHTjlINWlUR295MnhlTG9wdHk0Y08xWElxNVgxY2RST0Jtd3lKTHhEY0FweG1ITQ==']
2019-10-02 20:19:48,432 - lib_general_download.py:376 - DEBUG - trouble message: ERROR: no fmt_url_map or conn information found in video info: {'account_playback_token': ['QUFFLUhqbEh6ZERMZ1lWZU1hUmVrc0k4OHdNanhib0hRZ3xBQ3Jtc0tsOXlBVDkzcGMxQ2w3d0hPZXp6S3lxTkhQTE54NHdLQjlFMkxHcWxtSlZ1eEhhZi1QcXV1VjIxdkljRkVUeDU4ZzFHTjlINWlUR295MnhlTG9wdHk0Y08xWElxNVgxY2RST0Jtd3lKTHhEY0FweG1ITQ=='], 'enablecsi': ['1'], 'fflags': ['html5_min_readbehind_secs=0&playready_on_borg=true&kevlar_miniplayer_play_pause_on_scrim=true&html5_subsegment_readahead_min_buffer_health_secs_on_timeout=0.1&html5_hls_min_video_height=0&html5_disable_move_pssh_to_moov=true&use_ima_media_selection_in_bulleit=true&website_actions_throttle_percentage=1.0&hide_preskip=true&html5_jumbo_ull_subsegment_readahead_target=1.3&html5_live_pin_to_tail=true&html5_enable_4k_hq_enc=true&html5_initdata_deep_comparison=true&html5_av1_thresh_hcc=1080&kevlar_miniplayer_expand_top=true&html5_get_video_info_promiseajax=true&www_for_videostats=true&html5_use_streaming_xhr_abort_support=true&html5_seeking_buffering_only_playing=true&html5_drm_set_server_cert=true&use_touch_events_for_bulleit_mweb=true&html5_manifestless_always_redux=true&html5_max_readahead_bandwidth_cap=0&html5_post_interrupt_readahead=20&html5_gapless_allow_late_transitions=true&enable_on_skip_command_for_bulleit_living_room=true&html5_new_vis_fullscreen_and_airplay=true&allow_poltergust_autoplay=true&disable_client_side_midroll_freq_capping_nonpc=true&unplugged_tvhtml5_video_preload_on_focus_delay_ms=0&web_player_response_playback_tracking_parsing=true&enable_live_premieres_vss_live_type_lp=true&web_player_attestation_auth_headers=true&mweb_muted_autoplay=true&web_player_response_overlay_parsing=false&display_endscreen_heartbeat=true&html5_optimality_migration=true&html5_firefox_ambisonic_opus=true&ad_to_video_use_gel=true&call_release_video_in_bulleit=true&disable_client_side_midroll_freq_capping=true&mdx_enable_privacy_disclosure_ui=true&enable_live_premiere_web_player_indicator=true&html5_streaming_xhr_progress_includes_latest=true&html5_gapless_error_check_killswitch=true&html5_max_live_dvr_window_plus_margin_secs=46800.0&html5_new_queueing=true&html5_manifestless_no_redundant_seek_to_head=true&html5_live_normal_latency_bandwidth_window=0.0&set_interstitial_advertisers_question_text=true&kevlar_frontend_video_list_actions=true&live_readahead_seconds_multiplier=0.8&bulleit_send_engage_ping_on_companion_click=true&html5_disable_vp8_only_browsers=true&html5_bulleit_handle_gained_paused_state=true&html5_enable_eac3=true&disable_web_watchlater_during_ads=true&provide_default_wta_reasons=true&html5_live_abr_head_miss_fraction=0.0&enable_bulleit_mweb_remix_ui=true&enable_ve_tracker_key=true&stop_using_ima_sdk_gpt_request_activity=true&enable_bulleit_mweb_gaming_ui=true&html5_desktop_vr180_allow_panning=true&html5_disable_audio_slicing=true&html5_tv_bearer=true&html5_ignore_updates_before_initial_ping=true&html5_probe_live_using_range=true&html5_qoe_intercept=&html5_release_mediakey_after_load=true&html5_streaming_xhr_try_cobalt=true&html5_connect_timeout_secs=7.0&custom_csi_timeline_use_gel=true&desktop_image_companion_wta_support=true&html5_ignore_bad_bitrates=true&html5_stop_start_seconds=true&html5_quality_cap_min_age_secs=0&mweb_add_ad_info_button_on_fullscreen_only_devices=true&spacecast_uniplayer_decorate_manifest=true&html5_gapless_audio=true&allow_live_autoplay=true&low_engagement_player_quality_cap=360&html5_max_av_sync_drift=50&dynamic_ad_break_pause_threshold_sec=0&html5_invalid_state_retry_limit=15&html5_min_secs_between_format_selections=8.0&html5_get_video_info_timeout_ms=30000&sdk_wrapper_levels_allowed=0&html5_index_range_auth=true&bulleit_use_cue_video_to_reset_on_stop_ad=true&bulleit_extract_delayed_mpu_on_all_placement_init=true&legacy_autoplay_flag=true&use_forced_linebreak_preskip_text=true&use_refreshed_overlay_buttons=true&enable_cc_button_for_lasr=true&enable_survey_termination_on_resize=true&bulleit_get_midroll_info_timeout_ms=8000&html5_manifestless_accurate_sliceinfo=true&delay_bulleit_media_load_timer=true&tv_html5_bulleit_unify_adinfo=true&external_fullscreen_with_edu=true&uniplayer_dbp=true&enable_brand_companion_on_mweb=true&html5_stale_dash_manifest_retry_factor=1.0&web_player_response_fairplay_config_killswitch=true&mweb_cougar=true&enable_client_monitoring_for_bulleit_adplacement_schedule=true&fix_bulleit_cue_range_seek=true&html5_vss_live_mode_killswitch=true&ima_disable_reset_active_media_load_timeout=true&web_player_assume_format3_available=true&hfr_dropped_framerate_fallback_threshold=0&html5_use_adaptive_live_readahead=true&html5_min_has_advanced=true&html5_log_playback_rate_change_killswitch=true&html5_incremental_parser_buffer_duration_secs=1.5&mweb_muted_autoplay_animation=shrink&disable_new_pause_state3=true&html5_disable_liveonly_seeks=true&dash_manifest_version=5&html5_jumbo_ull_nonstreaming_mffa_ms=4000&html5_gapless_manage_live_readahead=true&add_border_to_bulleit_mweb_skip=true&html5_request_size_max_secs=31&ensure_only_one_ads_termination_ping_for_bulleit=true&html5_manifestless_shrink_timestamps=true&send_vss_credential_player_vars_html5=true&html5_subsegment_readahead_min_buffer_health_secs=0.25&html5_gapless=true&html5_live_quality_cap=0&ima_video_ad_with_overlay_class_logging_percentage=0.01&html5_probe_secondary_during_timeout_miss_count=2&enable_instream_companion_on_mweb=true&html5_pipeline_manifestless=true&enable_wta_for_tv_html5_unplugged=true&html5_tight_max_buffer_allowed_bandwidth_stddevs=0.0&html5_hls_initial_bitrate=0&kevlar_allow_multistep_video_init=true&html5_qoe_bearer=true&bulleit_use_video_end_cuerange_for_completion=true&use_local_interactions_library=true&web_player_music_visualizer_treatment=fake&log_playback_associated_web=true&render_enhanced_overlays_as_ctas_for_desktop_style=unset&html5_hack_gapless_init=true&html5_gaplesstransition_error_new_elem=true&use_survey_skip_in_0s=true&html5_probe_primary_delay_base_ms=0&postroll_notify_time_seconds=5&html5_gapless_skip_remove=true&release_player_on_abandon_for_bulleit_lr_ads_frontend=true&html5_suspend_loader=true&html5_peak_shave=true&use_new_skip_icon=true&youtubei_for_web=true&html5_probe_primary_failure_factor=4&doubleclick_gpt_retagging=true&html5_subsegment_readahead_timeout_secs=2.0&web_use_beacon_api_for_ad_click_server_pings=true&embeds_enable_smaller_watermark_on_mobile=true&html5_repredict_interval_secs=0.0&html5_pipeline_ultra_low_latency=true&forced_brand_precap_duration_ms=2000&interaction_screen_on_gel_web=true&html5_elbow_tracking_tweaks=true&html5_aspect_from_adaptive_format=true&autoplay_time=8000&desktop_companion_wta_support=true&html5_disable_vod_timestamp_rewriting=true&enable_simple_preview_for_postrolls_html5=true&html5_tight_max_buffer_allowed_impaired_time=0.0&html5_use_hasAdvanced_for_pbs=true&desktop_action_companion_wta_support=true&mweb_cougar_big_controls=true&html5_gapless_seek_tolerance_secs=3.0&html5_df_downgrade_thresh=0.2&html5_no_audio_append_cap=true&show_thumbnail_on_standard=true&html5_media_fullscreen=true&enable_ad_pod_specific_ui=true&vmap_enabled_living_room=true&use_fast_fade_in_0s=true&html5_request_size_padding_secs=3.0&html5_streaming_xhr_optimize_lengthless_mp4=true&attach_child_on_gel_web=true&html5_default_ad_gain=0.5&html5_hfr_quality_cap=0&html5_subsegment_readahead_min_load_speed=1.5&html5_variability_full_discount_thresh=3.0&html5_min_buffer_to_resume=6&html5_pseudo_gapless=true&html5_exile_broken_instances=true&html5_enable_embedded_player_visibility_signals=true&ignore_empty_xhr=true&html5_vis_upgrades_are_resizes=true&html5_av1_ads=true&enable_eviction_protection_for_bulleit=true&bulleit_mimic_ima_player_api_calls=true&html5_manifestless_interpolate=true&ensure_vis_persists_in_full_screen_for_mweb=true&html5_show_stats_nerds_debug_info=true&ad_to_ad_use_gel=true&fast_autonav_in_background=true&html5_adjust_effective_request_size=true&html5_serverside_biscotti_id_wait_ms=1000&show_interstitial_white=true&html5_disable_subscribe_new_vis=true&mweb_autonav=true&html5_restrict_streaming_xhr_on_sqless_requests=true&html5_gapless_encrypted_to_clear=true&html5_disable_manifestless_sqless_sync=true&html5_video_tbd_min_kb=0&web_player_sentinel_is_uniplayer=true&html5_pause_video_fix=true&html5_gapless_min_duration_ms=0&html5_subsegment_readahead_target_buffer_health_secs=0.5&fixed_padding_skip_button=true&lightweight_watch_video_swf=true&player_unified_fullscreen_transitions=true&vss_dni_delayping=0&html5_inline_video_quality_survey=true&enable_kevlar_action_companion_cleanup=true&ad_pod_disable_companion_persist_ads_quality=true&web_player_response_ypc_parsing=true&use_always_dimmed_skip_in_bulleit_web=true&html5_min_readbehind_cap_secs=60&html5_prefer_server_bwe3=true&html5_decode_to_texture_cap=true&html5_gapless_ended_transition_buffer_ms=200&html5_log_promoted_video_ads_as_non_autoplay=true&skip_ad_button_with_thumbnail=true&html5_remove_pause=false&enable_embed_autoplay_delay=true&video_to_ad_use_gel=true&html5_ultra_low_latency_streaming_responses=true&html5_enable_ac3=true&html5_av1_thresh_lcc=0&enable_ypc_clickwrap_on_living_room=true&web_gel_timeout_cap=true&max_resolution_for_white_noise=360&tvhtml5_yongle_quality_cap=0&html5_bulleit_handle_gained_ended_state=true&enable_client_deferred_full_screen_filtering_for_mweb_phones=true&html5_log_rebuffer_events=0&html5_live_low_latency_bandwidth_window=0.0&midroll_notify_time_seconds=5&show_countdown_on_bumper=true&live_chunk_readahead=3&html5_skip_widevine_innertube_drm_heartbeats=true&html5_background_quality_cap=360&fix_gpt_pos_params=true&mpu_visible_threshold_count=2&bulleit_use_http_get_by_default_for_get_midroll_info=true&html5_subsegment_readahead_seek_latency_fudge=0.5&html5_request_size_min_secs=0.0&html5_creativeless_vast_on_ima=true&skip_restore_on_abandon_in_bulleit=true&html5_frame_accurate_seek_limit=3&bulleit_use_touch_events_for_skip=true&unplugged_tvhtml5_botguard_attestation=true&variable_buffer_timeout_living_room_ms=0&use_full_timing_library=true&html5_license_constraint_delay=5000&html5_prefer_low_quality_audio=true&enforce_cuerange_priority_on_web=true&tvhtml5_min_readbehind_secs=20&html5_live_abr_repredict_fraction=0.0&enable_mute_ad_endpoint_resolution_on_bulleit=true&fill_manifestless_windowed_live_config=true&html5_max_buffer_duration=120&bulleit_web_dim_skip_using_css=true&pass_biscotti_id_in_header_ajax=true&html5_shrink_live_timestamps=true&html5_progress_fix_fix=true&html5_max_headm_for_streaming_xhr=0&html5_prefer_audio_only_for_atv=true&web_player_watch_next_response=true&html5_log_hls_video_height_change_as_format_change=true&ad_duration_threshold_for_showing_endcap_seconds=15&playready_first_play_expiration=-1&bulleit_block_player_pause_until_ad_start=true&html5_gapless_no_requests_after_lock=true&kevlar_miniplayer=true&html5_ad_timeout_ms=0&send_html5_api_stats_ads_abandon=true&variable_load_timeout_ms=0&html5_platform_minimum_readahead_seconds=0.0&html5_unrewrite_timestamps=true&html5_fallbacks_delay_primary_probes=true&delay_ads_gvi_call_on_bulleit_living_room_ms=0&html5_ignore_public_setPlaybackQuality=true&flex_theater_mode=true&variable_buffer_timeout_ms=0&sdk_ad_prefetch_time_seconds=-1&turn_down_serialized_player_request_for_bulleit_living_room=true&mweb_playsinline_webview=true&visibility_error_html_dump_sample_rate=0.01&html5_incremental_parser_buffer_extra_bytes=16384&html5_subsegment_readahead_load_speed_check_interval=0.5&mweb_playsinline=true&html5_av1_tv_killswitch=true&enable_bulleit_lidar_integration=true&desktop_shopping_companion_wta_support=true&enable_async_click_tracking=true&html5_playback_data_migration=true&enable_vss_type_post=true&html5_adaptation_fix=true&html5_disable_extra_update_resource=true&persist_text_on_preview_button=true&html5_maximum_readahead_seconds=0.0&html5_min_upgrade_health=0&html5_minimum_readahead_seconds=0.0&debug_sherlog_username=&html5_seek_over_discontinuities=true&tvhtml5_disable_live_prefetch=true&ad_video_end_renderer_duration_milliseconds=7000&html5_manifestless_synchronized=true&html5_expanded_max_vss_pings=true&html5_deadzone_multiplier=1.0&interaction_click_on_gel_web=true&show_thumbnail_behind_ypc_offer_module=true&html5_enable_fairplay_key_rotation=true&html5_simple_buffered_bytes=true&html5_drm_output_restriction_retry_logic=true&html5_live_no_streaming_impedance_mismatch=true&html5_hdr_separate_keys_support=true&enable_afv_div_reset_in_kevlar=true&html5_bandwidth_window_size=0&html5_gapless_max_played_ranges=12&web_gel_debounce_ms=10000&mweb_enable_instream_ui_refresh=true&html5_serverside_call_server_on_biscotti_error=true&desktop_cleanup_companion_on_instream_begin=true&html5_turn_down_slates=true&enable_website_actions_on_mweb=true&html5_variability_no_discount_thresh=1.0&html5_preload_media=true&use_new_style=true&html5_autonav_quality_cap=0&desktop_videowall_companion_wta_support=true&html5_non_zero_gapless=true&html5_bmffparser_use_fast_read_string=true&desktop_player_button_tooltip_with_shortcut=true&html5_ad_stats_bearer=true&king_crimson_player_redux=true&ensure_only_one_resolved_midroll_response_on_web=true&html5_disable_non_contiguous=true&html5_request_sizing_multiplier=0.8&html5_vp9_live_whitelist=true&player_allow_autonav_after_playlist=true&html5_streaming_xhr_buffer_mdat=true&html5_disable_preserve_reference=true&html5_gapless_ad_byterate_multiplier=1.6&html5_serverside_call_server_on_biscotti_timeout=true&html5_gapless_disable_preload_at_finish=true&enable_html5_midroll_tsla_update=true&html5_new_elem_on_hidden=true&html5_no_placeholder_rollbacks=true&html5_dont_predict_end_time_in_past=true&html5_reuse_loader=true&enable_overlays_wta=true&html5_no_shadow_env_data_redux=true&html5_new_seeking=true&html5_enable_widevine_key_rotation=true&disable_annotations_cache_if_owner=true&html5_cut_vss_on_visibility=true&html5_health_to_gel=true&web_player_show_music_in_this_video_graphic=video_thumbnail&android_attestation_flow=yt_player&web_logging_max_batch=100&enable_text_ad_overlay_link_fix=true&align_ad_to_video_player_lifecycle_for_bulleit=true&kevlar_miniplayer_button=true&enable_bulleit_for_mweb=true&html5_suspend_manifest_on_pause=true&html5_live_disable_dg_pacing=true&allow_midrolls_on_watch_resume_in_bulleit=true&html5_waiting_before_ended=true&debug_dapper_trace_id=&lasr_captions_holdback_counterfactual_id=0&preskip_countdown_font_size=&html5_error_cooldown_in_ms=30000&html5_playbackmanager_enable_notify_new_drm_info=true&set_interstitial_start_button=true&html5_limit_adaptation_requests=true&html5_live_ultra_low_latency_bandwidth_window=0.0&show_interstitial_for_3s=true&bulleit_remove_client_side_midroll_reactivation=true&preskip_button_style_ads_backend=countdown_next_to_thumbnail&html5_hls_pair_distinct_audio=true&html5_manifestless_request_prediction=true&html5_live_4k_more_buffer=true&enable_prefetch_for_postrolls=true&html5_manifestless_captions=true&set_default_wta_if_missing_for_externs=true&html5_gapless_preloading=true&html5_variability_discount=0.5&web_player_kaios_autoplay=true&enable_composite_ad_player_presentation_for_bulleit=true&html5_fludd_suspend=true&player_destroy_old_version=true&html5_widevine_robustness_strings=true&html5_av1_thresh_arm=240&html5_platform_whitelisted_for_frame_accurate_seeks=true&html5_ignore_start_seconds_for_ads_killswitch=true&dynamic_ad_break_seek_threshold_sec=0&html5_vp9_live_blacklist_edge=true&defer_playability_status_fillers=true&enable_static_font_size_on_text_only_preview=true&process_extensions_in_vast_wrappers_for_survey_ads=true&html5_progressive_fallback=true&html5_av1_thresh=0&hardwire_web_unplugged_get_video_info_to_tv=true&html5_expire_preloaded_players=true&android_early_fetch_for_autoplay=true&web_player_api_logging_fraction=0.01&enable_bulleit_ve_single_clickthrough=true&bulleit_use_video_ad_div_as_overlay_container=true&html5_disable_aac_ac3=true&html5_jumbo_mobile_subsegment_readahead_target=3.0&html5_default_quality_cap=0&html5_reason_reporting_migration=true&html5_parse_inline_fallback_host=true&html5_player_autonav_logging=true&html5_msi_error_fallback=true&html5_background_cap_idle_secs=60&html5_gl_fps_threshold=0&html5_allowable_liveness_drift_chunks=2&html5_stop_video_in_cancel_playback=true&live_fresca_v2=true&html5_store_xhr_headers_readable=true&enable_html5_conversion_ve_reporting=true&prefer_manifestless_fmp4_over_manifestful_vp9=true&html5_readahead_ratelimit=3000&html5_ad_no_buffer_abort_after_skippable=true&html5_full_gapless_content_resume=true&html5_delay_initial_loading=true&disable_organic_cta_on_ad_playback=true&html5_sticky_reduces_discount_by=0.0'], 'cbr': ['Firefox'], 'fexp': ['23744176,23745074,23748146,23788844,23788875,23793834,23804281,23819245,23819583,23826780,23835020,23836792,23836965,23837011,23837040,23837742,23837772,23837993,23839361,23840216,23841094,23842630,23842883,23842986,23843289,23843533,23844781,23845645,24630307,9405988,9407157,9449243,9471239'], 'vss_host': ['s.youtube.com'], 'csi_page_type': ['embed'], 'cr': ['US'], 'cver': ['1.20191001.08.02'], 'csn': ['ZAaVXcTvD4atkwar4I2gCg'], 'innertube_api_version': ['v1'], 'host_language': ['en'], 'gapi_hint_params': ['m;/_/scs/abc-static/_/js/k=gapi.gapi.en.4CFxRrSvxq0.O/d=1/rs=AHpOoo8skdVJHB5uqGRXCunlhzuKwaF7Ag/m=__features__'], 'status': ['ok'], 'innertube_api_key': ['AIzaSyAO_FJ2SlqU8Q4STEHLGCilw_Y9_11qcW8'], 'watermark': [',https://s.ytimg.com/yts/img/watermark/youtube_watermark-vflHX6b6E.png,https://s.ytimg.com/yts/img/watermark/youtube_hd_watermark-vflAzLcD6.png'], 'timestamp': ['1570047588'], 'cos': ['X11'], 'root_ve_type': ['27240'], 'innertube_context_client_version': ['1.20191001.08.02'], 'hl': ['en_US'], 'c': ['WEB'], 'cbrver': ['10.0'], 'player_response': ['{"playabilityStatus":{"status":"UNPLAYABLE","reason":"This video is unavailable.","errorScreen":{"playerErrorMessageRenderer":{"reason":{"simpleText":"This video is unavailable."},"proceedButton":{"buttonRenderer":{"style":"STYLE_PRIMARY","size":"SIZE_DEFAULT","isDisabled":false,"text":{"simpleText":"Watch on YouTube"},"trackingParams":"CAQQ8FsiEwi-g5-Gs_7kAhXq5MQKHTeyAgs="}},"thumbnail":{"thumbnails":[{"url":"//s.ytimg.com/yts/img/meh7-vflGevej7.png","width":140,"height":100}]},"icon":{"iconType":"ERROR_OUTLINE"}}}},"videoDetails":{"videoId":"x9unglcjOeo","title":"Tipe X - Selamat Jalan (Animation Video) Pena Tanpa Jejak","lengthSeconds":"406","keywords":["https://youtu.be/YwvJJBEHUGc"],"channelId":"UCZo8pUFKoYbbHJuN1XTk3LA","isOwnerViewing":false,"shortDescription":"Cek Link:\\nhttps://youtu.be/RHu9BCvTZKs\\n\\nFollow on Instagram:\\nhttps://instagram.com/rahmatdhani23","isCrawlable":true,"thumbnail":{"thumbnails":[{"url":"https://i.ytimg.com/vi/x9unglcjOeo/hqdefault.jpg?sqp=-oaymwEiCKgBEF5IWvKriqkDFQgBFQAAAAAYASUAAMhCPQCAokN4AQ==\\u0026rs=AOn4CLDaVwTj3VB5dayLElmscvvoNvXpLg","width":168,"height":94},{"url":"https://i.ytimg.com/vi/x9unglcjOeo/hqdefault.jpg?sqp=-oaymwEiCMQBEG5IWvKriqkDFQgBFQAAAAAYASUAAMhCPQCAokN4AQ==\\u0026rs=AOn4CLACTCncaeYXaPLSRp7oFhGydAo5SA","width":196,"height":110},{"url":"https://i.ytimg.com/vi/x9unglcjOeo/hqdefault.jpg?sqp=-oaymwEjCPYBEIoBSFryq4qpAxUIARUAAAAAGAElAADIQj0AgKJDeAE=\\u0026rs=AOn4CLDJ2bXXt5L3aN8hr2_zyt_s1IHFLQ","width":246,"height":138},{"url":"https://i.ytimg.com/vi/x9unglcjOeo/hqdefault.jpg?sqp=-oaymwEjCNACELwBSFryq4qpAxUIARUAAAAAGAElAADIQj0AgKJDeAE=\\u0026rs=AOn4CLCFpcUhbD8CX3pZxpqms67OzL17ng","width":336,"height":188}]},"useCipher":true,"averageRating":4.8372416,"allowRatings":true,"viewCount":"7260246","author":"RahmatDhani","isPrivate":false,"isUnpluggedCorpus":false,"isLiveContent":false},"trackingParams":"CAAQu2kiEwi-g5-Gs_7kAhXq5MQKHTeyAgs=","messages":[{"mealbarPromoRenderer":{"messageTexts":[{"runs":[{"text":"Our new desktop experience was built to be your music destination. Listen to official albums \\u0026 more."}]}],"actionButton":{"buttonRenderer":{"style":"STYLE_PRIMARY","size":"SIZE_DEFAULT","text":{"runs":[{"text":"Check it out"}]},"navigationEndpoint":{"clickTrackingParams":"CAMQ7G8iEwi-g5-Gs_7kAhXq5MQKHTeyAgs=","urlEndpoint":{"url":"https://music.youtube.com"}},"trackingParams":"CAMQ7G8iEwi-g5-Gs_7kAhXq5MQKHTeyAgs="}},"dismissButton":{"buttonRenderer":{"style":"STYLE_BLUE_TEXT","size":"SIZE_DEFAULT","text":{"runs":[{"text":"No thanks"}]},"serviceEndpoint":{"clickTrackingParams":"CAIQ7W8iEwi-g5-Gs_7kAhXq5MQKHTeyAgs=","feedbackEndpoint":{"feedbackToken":"AB9zfpIfFUHudSs3IhBtfPGc8zXnRD3F70zHPTG7LnSjaVehV0nxxO-4gEqz-IeDY_zxBA7mExeheI00xco3i7a7__Kfi5-xenmvbH-4ed6e793L5FiumIVmmfHOtz7vndlPmLTOYRk4BLfarICmiZ-ELCDh8972BA","uiActions":{"hideEnclosingContainer":true}}},"trackingParams":"CAIQ7W8iEwi-g5-Gs_7kAhXq5MQKHTeyAgs="}},"triggerCondition":"TRIGGER_CONDITION_POST_AD","style":"STYLE_MESSAGE","trackingParams":"CAEQ42kYACITCL6Dn4az_uQCFerkxAodN7ICCw==","impressionEndpoints":[{"clickTrackingParams":"CAEQ42kYACITCL6Dn4az_uQCFerkxAodN7ICCw==","feedbackEndpoint":{"feedbackToken":"AB9zfpJ-jl7it-T5b-vqj0LGNBoIbYvTPUsMc-duZqMIC3hrFdd3rDjyobL6OrS-mrtqxIEr12IbvIfl0Wn4v050oxpmzzCF982wSl-734oPgsPdsYyY-3P9oLH5FuqktJWMH6LuaEU64EdiT0uHrTOUpOs4kS9NvQ","uiActions":{"hideEnclosingContainer":false}}}],"isVisible":true,"messageTitle":{"runs":[{"text":"Where music meets your desktop"}]}}}],"adSafetyReason":{"apmUserPreference":{},"isEmbed":true}}']}
2019-10-02 20:19:48,432 - lib_youtube_download.py:334 - ERROR - ERROR: no fmt_url_map or conn information found in video info: {'account_playback_token': ['QUFFLUhqbEh6ZERMZ1lWZU1hUmVrc0k4OHdNanhib0hRZ3xBQ3Jtc0tsOXlBVDkzcGMxQ2w3d0hPZXp6S3lxTkhQTE54NHdLQjlFMkxHcWxtSlZ1eEhhZi1QcXV1VjIxdkljRkVUeDU4ZzFHTjlINWlUR295MnhlTG9wdHk0Y08xWElxNVgxY2RST0Jtd3lKTHhEY0FweG1ITQ=='], 'enablecsi': ['1'], 'fflags': ['html5_min_readbehind_secs=0&playready_on_borg=true&kevlar_miniplayer_play_pause_on_scrim=true&html5_subsegment_readahead_min_buffer_health_secs_on_timeout=0.1&html5_hls_min_video_height=0&html5_disable_move_pssh_to_moov=true&use_ima_media_selection_in_bulleit=true&website_actions_throttle_percentage=1.0&hide_preskip=true&html5_jumbo_ull_subsegment_readahead_target=1.3&html5_live_pin_to_tail=true&html5_enable_4k_hq_enc=true&html5_initdata_deep_comparison=true&html5_av1_thresh_hcc=1080&kevlar_miniplayer_expand_top=true&html5_get_video_info_promiseajax=true&www_for_videostats=true&html5_use_streaming_xhr_abort_support=true&html5_seeking_buffering_only_playing=true&html5_drm_set_server_cert=true&use_touch_events_for_bulleit_mweb=true&html5_manifestless_always_redux=true&html5_max_readahead_bandwidth_cap=0&html5_post_interrupt_readahead=20&html5_gapless_allow_late_transitions=true&enable_on_skip_command_for_bulleit_living_room=true&html5_new_vis_fullscreen_and_airplay=true&allow_poltergust_autoplay=true&disable_client_side_midroll_freq_capping_nonpc=true&unplugged_tvhtml5_video_preload_on_focus_delay_ms=0&web_player_response_playback_tracking_parsing=true&enable_live_premieres_vss_live_type_lp=true&web_player_attestation_auth_headers=true&mweb_muted_autoplay=true&web_player_response_overlay_parsing=false&display_endscreen_heartbeat=true&html5_optimality_migration=true&html5_firefox_ambisonic_opus=true&ad_to_video_use_gel=true&call_release_video_in_bulleit=true&disable_client_side_midroll_freq_capping=true&mdx_enable_privacy_disclosure_ui=true&enable_live_premiere_web_player_indicator=true&html5_streaming_xhr_progress_includes_latest=true&html5_gapless_error_check_killswitch=true&html5_max_live_dvr_window_plus_margin_secs=46800.0&html5_new_queueing=true&html5_manifestless_no_redundant_seek_to_head=true&html5_live_normal_latency_bandwidth_window=0.0&set_interstitial_advertisers_question_text=true&kevlar_frontend_video_list_actions=true&live_readahead_seconds_multiplier=0.8&bulleit_send_engage_ping_on_companion_click=true&html5_disable_vp8_only_browsers=true&html5_bulleit_handle_gained_paused_state=true&html5_enable_eac3=true&disable_web_watchlater_during_ads=true&provide_default_wta_reasons=true&html5_live_abr_head_miss_fraction=0.0&enable_bulleit_mweb_remix_ui=true&enable_ve_tracker_key=true&stop_using_ima_sdk_gpt_request_activity=true&enable_bulleit_mweb_gaming_ui=true&html5_desktop_vr180_allow_panning=true&html5_disable_audio_slicing=true&html5_tv_bearer=true&html5_ignore_updates_before_initial_ping=true&html5_probe_live_using_range=true&html5_qoe_intercept=&html5_release_mediakey_after_load=true&html5_streaming_xhr_try_cobalt=true&html5_connect_timeout_secs=7.0&custom_csi_timeline_use_gel=true&desktop_image_companion_wta_support=true&html5_ignore_bad_bitrates=true&html5_stop_start_seconds=true&html5_quality_cap_min_age_secs=0&mweb_add_ad_info_button_on_fullscreen_only_devices=true&spacecast_uniplayer_decorate_manifest=true&html5_gapless_audio=true&allow_live_autoplay=true&low_engagement_player_quality_cap=360&html5_max_av_sync_drift=50&dynamic_ad_break_pause_threshold_sec=0&html5_invalid_state_retry_limit=15&html5_min_secs_between_format_selections=8.0&html5_get_video_info_timeout_ms=30000&sdk_wrapper_levels_allowed=0&html5_index_range_auth=true&bulleit_use_cue_video_to_reset_on_stop_ad=true&bulleit_extract_delayed_mpu_on_all_placement_init=true&legacy_autoplay_flag=true&use_forced_linebreak_preskip_text=true&use_refreshed_overlay_buttons=true&enable_cc_button_for_lasr=true&enable_survey_termination_on_resize=true&bulleit_get_midroll_info_timeout_ms=8000&html5_manifestless_accurate_sliceinfo=true&delay_bulleit_media_load_timer=true&tv_html5_bulleit_unify_adinfo=true&external_fullscreen_with_edu=true&uniplayer_dbp=true&enable_brand_companion_on_mweb=true&html5_stale_dash_manifest_retry_factor=1.0&web_player_response_fairplay_config_killswitch=true&mweb_cougar=true&enable_client_monitoring_for_bulleit_adplacement_schedule=true&fix_bulleit_cue_range_seek=true&html5_vss_live_mode_killswitch=true&ima_disable_reset_active_media_load_timeout=true&web_player_assume_format3_available=true&hfr_dropped_framerate_fallback_threshold=0&html5_use_adaptive_live_readahead=true&html5_min_has_advanced=true&html5_log_playback_rate_change_killswitch=true&html5_incremental_parser_buffer_duration_secs=1.5&mweb_muted_autoplay_animation=shrink&disable_new_pause_state3=true&html5_disable_liveonly_seeks=true&dash_manifest_version=5&html5_jumbo_ull_nonstreaming_mffa_ms=4000&html5_gapless_manage_live_readahead=true&add_border_to_bulleit_mweb_skip=true&html5_request_size_max_secs=31&ensure_only_one_ads_termination_ping_for_bulleit=true&html5_manifestless_shrink_timestamps=true&send_vss_credential_player_vars_html5=true&html5_subsegment_readahead_min_buffer_health_secs=0.25&html5_gapless=true&html5_live_quality_cap=0&ima_video_ad_with_overlay_class_logging_percentage=0.01&html5_probe_secondary_during_timeout_miss_count=2&enable_instream_companion_on_mweb=true&html5_pipeline_manifestless=true&enable_wta_for_tv_html5_unplugged=true&html5_tight_max_buffer_allowed_bandwidth_stddevs=0.0&html5_hls_initial_bitrate=0&kevlar_allow_multistep_video_init=true&html5_qoe_bearer=true&bulleit_use_video_end_cuerange_for_completion=true&use_local_interactions_library=true&web_player_music_visualizer_treatment=fake&log_playback_associated_web=true&render_enhanced_overlays_as_ctas_for_desktop_style=unset&html5_hack_gapless_init=true&html5_gaplesstransition_error_new_elem=true&use_survey_skip_in_0s=true&html5_probe_primary_delay_base_ms=0&postroll_notify_time_seconds=5&html5_gapless_skip_remove=true&release_player_on_abandon_for_bulleit_lr_ads_frontend=true&html5_suspend_loader=true&html5_peak_shave=true&use_new_skip_icon=true&youtubei_for_web=true&html5_probe_primary_failure_factor=4&doubleclick_gpt_retagging=true&html5_subsegment_readahead_timeout_secs=2.0&web_use_beacon_api_for_ad_click_server_pings=true&embeds_enable_smaller_watermark_on_mobile=true&html5_repredict_interval_secs=0.0&html5_pipeline_ultra_low_latency=true&forced_brand_precap_duration_ms=2000&interaction_screen_on_gel_web=true&html5_elbow_tracking_tweaks=true&html5_aspect_from_adaptive_format=true&autoplay_time=8000&desktop_companion_wta_support=true&html5_disable_vod_timestamp_rewriting=true&enable_simple_preview_for_postrolls_html5=true&html5_tight_max_buffer_allowed_impaired_time=0.0&html5_use_hasAdvanced_for_pbs=true&desktop_action_companion_wta_support=true&mweb_cougar_big_controls=true&html5_gapless_seek_tolerance_secs=3.0&html5_df_downgrade_thresh=0.2&html5_no_audio_append_cap=true&show_thumbnail_on_standard=true&html5_media_fullscreen=true&enable_ad_pod_specific_ui=true&vmap_enabled_living_room=true&use_fast_fade_in_0s=true&html5_request_size_padding_secs=3.0&html5_streaming_xhr_optimize_lengthless_mp4=true&attach_child_on_gel_web=true&html5_default_ad_gain=0.5&html5_hfr_quality_cap=0&html5_subsegment_readahead_min_load_speed=1.5&html5_variability_full_discount_thresh=3.0&html5_min_buffer_to_resume=6&html5_pseudo_gapless=true&html5_exile_broken_instances=true&html5_enable_embedded_player_visibility_signals=true&ignore_empty_xhr=true&html5_vis_upgrades_are_resizes=true&html5_av1_ads=true&enable_eviction_protection_for_bulleit=true&bulleit_mimic_ima_player_api_calls=true&html5_manifestless_interpolate=true&ensure_vis_persists_in_full_screen_for_mweb=true&html5_show_stats_nerds_debug_info=true&ad_to_ad_use_gel=true&fast_autonav_in_background=true&html5_adjust_effective_request_size=true&html5_serverside_biscotti_id_wait_ms=1000&show_interstitial_white=true&html5_disable_subscribe_new_vis=true&mweb_autonav=true&html5_restrict_streaming_xhr_on_sqless_requests=true&html5_gapless_encrypted_to_clear=true&html5_disable_manifestless_sqless_sync=true&html5_video_tbd_min_kb=0&web_player_sentinel_is_uniplayer=true&html5_pause_video_fix=true&html5_gapless_min_duration_ms=0&html5_subsegment_readahead_target_buffer_health_secs=0.5&fixed_padding_skip_button=true&lightweight_watch_video_swf=true&player_unified_fullscreen_transitions=true&vss_dni_delayping=0&html5_inline_video_quality_survey=true&enable_kevlar_action_companion_cleanup=true&ad_pod_disable_companion_persist_ads_quality=true&web_player_response_ypc_parsing=true&use_always_dimmed_skip_in_bulleit_web=true&html5_min_readbehind_cap_secs=60&html5_prefer_server_bwe3=true&html5_decode_to_texture_cap=true&html5_gapless_ended_transition_buffer_ms=200&html5_log_promoted_video_ads_as_non_autoplay=true&skip_ad_button_with_thumbnail=true&html5_remove_pause=false&enable_embed_autoplay_delay=true&video_to_ad_use_gel=true&html5_ultra_low_latency_streaming_responses=true&html5_enable_ac3=true&html5_av1_thresh_lcc=0&enable_ypc_clickwrap_on_living_room=true&web_gel_timeout_cap=true&max_resolution_for_white_noise=360&tvhtml5_yongle_quality_cap=0&html5_bulleit_handle_gained_ended_state=true&enable_client_deferred_full_screen_filtering_for_mweb_phones=true&html5_log_rebuffer_events=0&html5_live_low_latency_bandwidth_window=0.0&midroll_notify_time_seconds=5&show_countdown_on_bumper=true&live_chunk_readahead=3&html5_skip_widevine_innertube_drm_heartbeats=true&html5_background_quality_cap=360&fix_gpt_pos_params=true&mpu_visible_threshold_count=2&bulleit_use_http_get_by_default_for_get_midroll_info=true&html5_subsegment_readahead_seek_latency_fudge=0.5&html5_request_size_min_secs=0.0&html5_creativeless_vast_on_ima=true&skip_restore_on_abandon_in_bulleit=true&html5_frame_accurate_seek_limit=3&bulleit_use_touch_events_for_skip=true&unplugged_tvhtml5_botguard_attestation=true&variable_buffer_timeout_living_room_ms=0&use_full_timing_library=true&html5_license_constraint_delay=5000&html5_prefer_low_quality_audio=true&enforce_cuerange_priority_on_web=true&tvhtml5_min_readbehind_secs=20&html5_live_abr_repredict_fraction=0.0&enable_mute_ad_endpoint_resolution_on_bulleit=true&fill_manifestless_windowed_live_config=true&html5_max_buffer_duration=120&bulleit_web_dim_skip_using_css=true&pass_biscotti_id_in_header_ajax=true&html5_shrink_live_timestamps=true&html5_progress_fix_fix=true&html5_max_headm_for_streaming_xhr=0&html5_prefer_audio_only_for_atv=true&web_player_watch_next_response=true&html5_log_hls_video_height_change_as_format_change=true&ad_duration_threshold_for_showing_endcap_seconds=15&playready_first_play_expiration=-1&bulleit_block_player_pause_until_ad_start=true&html5_gapless_no_requests_after_lock=true&kevlar_miniplayer=true&html5_ad_timeout_ms=0&send_html5_api_stats_ads_abandon=true&variable_load_timeout_ms=0&html5_platform_minimum_readahead_seconds=0.0&html5_unrewrite_timestamps=true&html5_fallbacks_delay_primary_probes=true&delay_ads_gvi_call_on_bulleit_living_room_ms=0&html5_ignore_public_setPlaybackQuality=true&flex_theater_mode=true&variable_buffer_timeout_ms=0&sdk_ad_prefetch_time_seconds=-1&turn_down_serialized_player_request_for_bulleit_living_room=true&mweb_playsinline_webview=true&visibility_error_html_dump_sample_rate=0.01&html5_incremental_parser_buffer_extra_bytes=16384&html5_subsegment_readahead_load_speed_check_interval=0.5&mweb_playsinline=true&html5_av1_tv_killswitch=true&enable_bulleit_lidar_integration=true&desktop_shopping_companion_wta_support=true&enable_async_click_tracking=true&html5_playback_data_migration=true&enable_vss_type_post=true&html5_adaptation_fix=true&html5_disable_extra_update_resource=true&persist_text_on_preview_button=true&html5_maximum_readahead_seconds=0.0&html5_min_upgrade_health=0&html5_minimum_readahead_seconds=0.0&debug_sherlog_username=&html5_seek_over_discontinuities=true&tvhtml5_disable_live_prefetch=true&ad_video_end_renderer_duration_milliseconds=7000&html5_manifestless_synchronized=true&html5_expanded_max_vss_pings=true&html5_deadzone_multiplier=1.0&interaction_click_on_gel_web=true&show_thumbnail_behind_ypc_offer_module=true&html5_enable_fairplay_key_rotation=true&html5_simple_buffered_bytes=true&html5_drm_output_restriction_retry_logic=true&html5_live_no_streaming_impedance_mismatch=true&html5_hdr_separate_keys_support=true&enable_afv_div_reset_in_kevlar=true&html5_bandwidth_window_size=0&html5_gapless_max_played_ranges=12&web_gel_debounce_ms=10000&mweb_enable_instream_ui_refresh=true&html5_serverside_call_server_on_biscotti_error=true&desktop_cleanup_companion_on_instream_begin=true&html5_turn_down_slates=true&enable_website_actions_on_mweb=true&html5_variability_no_discount_thresh=1.0&html5_preload_media=true&use_new_style=true&html5_autonav_quality_cap=0&desktop_videowall_companion_wta_support=true&html5_non_zero_gapless=true&html5_bmffparser_use_fast_read_string=true&desktop_player_button_tooltip_with_shortcut=true&html5_ad_stats_bearer=true&king_crimson_player_redux=true&ensure_only_one_resolved_midroll_response_on_web=true&html5_disable_non_contiguous=true&html5_request_sizing_multiplier=0.8&html5_vp9_live_whitelist=true&player_allow_autonav_after_playlist=true&html5_streaming_xhr_buffer_mdat=true&html5_disable_preserve_reference=true&html5_gapless_ad_byterate_multiplier=1.6&html5_serverside_call_server_on_biscotti_timeout=true&html5_gapless_disable_preload_at_finish=true&enable_html5_midroll_tsla_update=true&html5_new_elem_on_hidden=true&html5_no_placeholder_rollbacks=true&html5_dont_predict_end_time_in_past=true&html5_reuse_loader=true&enable_overlays_wta=true&html5_no_shadow_env_data_redux=true&html5_new_seeking=true&html5_enable_widevine_key_rotation=true&disable_annotations_cache_if_owner=true&html5_cut_vss_on_visibility=true&html5_health_to_gel=true&web_player_show_music_in_this_video_graphic=video_thumbnail&android_attestation_flow=yt_player&web_logging_max_batch=100&enable_text_ad_overlay_link_fix=true&align_ad_to_video_player_lifecycle_for_bulleit=true&kevlar_miniplayer_button=true&enable_bulleit_for_mweb=true&html5_suspend_manifest_on_pause=true&html5_live_disable_dg_pacing=true&allow_midrolls_on_watch_resume_in_bulleit=true&html5_waiting_before_ended=true&debug_dapper_trace_id=&lasr_captions_holdback_counterfactual_id=0&preskip_countdown_font_size=&html5_error_cooldown_in_ms=30000&html5_playbackmanager_enable_notify_new_drm_info=true&set_interstitial_start_button=true&html5_limit_adaptation_requests=true&html5_live_ultra_low_latency_bandwidth_window=0.0&show_interstitial_for_3s=true&bulleit_remove_client_side_midroll_reactivation=true&preskip_button_style_ads_backend=countdown_next_to_thumbnail&html5_hls_pair_distinct_audio=true&html5_manifestless_request_prediction=true&html5_live_4k_more_buffer=true&enable_prefetch_for_postrolls=true&html5_manifestless_captions=true&set_default_wta_if_missing_for_externs=true&html5_gapless_preloading=true&html5_variability_discount=0.5&web_player_kaios_autoplay=true&enable_composite_ad_player_presentation_for_bulleit=true&html5_fludd_suspend=true&player_destroy_old_version=true&html5_widevine_robustness_strings=true&html5_av1_thresh_arm=240&html5_platform_whitelisted_for_frame_accurate_seeks=true&html5_ignore_start_seconds_for_ads_killswitch=true&dynamic_ad_break_seek_threshold_sec=0&html5_vp9_live_blacklist_edge=true&defer_playability_status_fillers=true&enable_static_font_size_on_text_only_preview=true&process_extensions_in_vast_wrappers_for_survey_ads=true&html5_progressive_fallback=true&html5_av1_thresh=0&hardwire_web_unplugged_get_video_info_to_tv=true&html5_expire_preloaded_players=true&android_early_fetch_for_autoplay=true&web_player_api_logging_fraction=0.01&enable_bulleit_ve_single_clickthrough=true&bulleit_use_video_ad_div_as_overlay_container=true&html5_disable_aac_ac3=true&html5_jumbo_mobile_subsegment_readahead_target=3.0&html5_default_quality_cap=0&html5_reason_reporting_migration=true&html5_parse_inline_fallback_host=true&html5_player_autonav_logging=true&html5_msi_error_fallback=true&html5_background_cap_idle_secs=60&html5_gl_fps_threshold=0&html5_allowable_liveness_drift_chunks=2&html5_stop_video_in_cancel_playback=true&live_fresca_v2=true&html5_store_xhr_headers_readable=true&enable_html5_conversion_ve_reporting=true&prefer_manifestless_fmp4_over_manifestful_vp9=true&html5_readahead_ratelimit=3000&html5_ad_no_buffer_abort_after_skippable=true&html5_full_gapless_content_resume=true&html5_delay_initial_loading=true&disable_organic_cta_on_ad_playback=true&html5_sticky_reduces_discount_by=0.0'], 'cbr': ['Firefox'], 'fexp': ['23744176,23745074,23748146,23788844,23788875,23793834,23804281,23819245,23819583,23826780,23835020,23836792,23836965,23837011,23837040,23837742,23837772,23837993,23839361,23840216,23841094,23842630,23842883,23842986,23843289,23843533,23844781,23845645,24630307,9405988,9407157,9449243,9471239'], 'vss_host': ['s.youtube.com'], 'csi_page_type': ['embed'], 'cr': ['US'], 'cver': ['1.20191001.08.02'], 'csn': ['ZAaVXcTvD4atkwar4I2gCg'], 'innertube_api_version': ['v1'], 'host_language': ['en'], 'gapi_hint_params': ['m;/_/scs/abc-static/_/js/k=gapi.gapi.en.4CFxRrSvxq0.O/d=1/rs=AHpOoo8skdVJHB5uqGRXCunlhzuKwaF7Ag/m=__features__'], 'status': ['ok'], 'innertube_api_key': ['AIzaSyAO_FJ2SlqU8Q4STEHLGCilw_Y9_11qcW8'], 'watermark': [',https://s.ytimg.com/yts/img/watermark/youtube_watermark-vflHX6b6E.png,https://s.ytimg.com/yts/img/watermark/youtube_hd_watermark-vflAzLcD6.png'], 'timestamp': ['1570047588'], 'cos': ['X11'], 'root_ve_type': ['27240'], 'innertube_context_client_version': ['1.20191001.08.02'], 'hl': ['en_US'], 'c': ['WEB'], 'cbrver': ['10.0'], 'player_response': ['{"playabilityStatus":{"status":"UNPLAYABLE","reason":"This video is unavailable.","errorScreen":{"playerErrorMessageRenderer":{"reason":{"simpleText":"This video is unavailable."},"proceedButton":{"buttonRenderer":{"style":"STYLE_PRIMARY","size":"SIZE_DEFAULT","isDisabled":false,"text":{"simpleText":"Watch on YouTube"},"trackingParams":"CAQQ8FsiEwi-g5-Gs_7kAhXq5MQKHTeyAgs="}},"thumbnail":{"thumbnails":[{"url":"//s.ytimg.com/yts/img/meh7-vflGevej7.png","width":140,"height":100}]},"icon":{"iconType":"ERROR_OUTLINE"}}}},"videoDetails":{"videoId":"x9unglcjOeo","title":"Tipe X - Selamat Jalan (Animation Video) Pena Tanpa Jejak","lengthSeconds":"406","keywords":["https://youtu.be/YwvJJBEHUGc"],"channelId":"UCZo8pUFKoYbbHJuN1XTk3LA","isOwnerViewing":false,"shortDescription":"Cek Link:\\nhttps://youtu.be/RHu9BCvTZKs\\n\\nFollow on Instagram:\\nhttps://instagram.com/rahmatdhani23","isCrawlable":true,"thumbnail":{"thumbnails":[{"url":"https://i.ytimg.com/vi/x9unglcjOeo/hqdefault.jpg?sqp=-oaymwEiCKgBEF5IWvKriqkDFQgBFQAAAAAYASUAAMhCPQCAokN4AQ==\\u0026rs=AOn4CLDaVwTj3VB5dayLElmscvvoNvXpLg","width":168,"height":94},{"url":"https://i.ytimg.com/vi/x9unglcjOeo/hqdefault.jpg?sqp=-oaymwEiCMQBEG5IWvKriqkDFQgBFQAAAAAYASUAAMhCPQCAokN4AQ==\\u0026rs=AOn4CLACTCncaeYXaPLSRp7oFhGydAo5SA","width":196,"height":110},{"url":"https://i.ytimg.com/vi/x9unglcjOeo/hqdefault.jpg?sqp=-oaymwEjCPYBEIoBSFryq4qpAxUIARUAAAAAGAElAADIQj0AgKJDeAE=\\u0026rs=AOn4CLDJ2bXXt5L3aN8hr2_zyt_s1IHFLQ","width":246,"height":138},{"url":"https://i.ytimg.com/vi/x9unglcjOeo/hqdefault.jpg?sqp=-oaymwEjCNACELwBSFryq4qpAxUIARUAAAAAGAElAADIQj0AgKJDeAE=\\u0026rs=AOn4CLCFpcUhbD8CX3pZxpqms67OzL17ng","width":336,"height":188}]},"useCipher":true,"averageRating":4.8372416,"allowRatings":true,"viewCount":"7260246","author":"RahmatDhani","isPrivate":false,"isUnpluggedCorpus":false,"isLiveContent":false},"trackingParams":"CAAQu2kiEwi-g5-Gs_7kAhXq5MQKHTeyAgs=","messages":[{"mealbarPromoRenderer":{"messageTexts":[{"runs":[{"text":"Our new desktop experience was built to be your music destination. Listen to official albums \\u0026 more."}]}],"actionButton":{"buttonRenderer":{"style":"STYLE_PRIMARY","size":"SIZE_DEFAULT","text":{"runs":[{"text":"Check it out"}]},"navigationEndpoint":{"clickTrackingParams":"CAMQ7G8iEwi-g5-Gs_7kAhXq5MQKHTeyAgs=","urlEndpoint":{"url":"https://music.youtube.com"}},"trackingParams":"CAMQ7G8iEwi-g5-Gs_7kAhXq5MQKHTeyAgs="}},"dismissButton":{"buttonRenderer":{"style":"STYLE_BLUE_TEXT","size":"SIZE_DEFAULT","text":{"runs":[{"text":"No thanks"}]},"serviceEndpoint":{"clickTrackingParams":"CAIQ7W8iEwi-g5-Gs_7kAhXq5MQKHTeyAgs=","feedbackEndpoint":{"feedbackToken":"AB9zfpIfFUHudSs3IhBtfPGc8zXnRD3F70zHPTG7LnSjaVehV0nxxO-4gEqz-IeDY_zxBA7mExeheI00xco3i7a7__Kfi5-xenmvbH-4ed6e793L5FiumIVmmfHOtz7vndlPmLTOYRk4BLfarICmiZ-ELCDh8972BA","uiActions":{"hideEnclosingContainer":true}}},"trackingParams":"CAIQ7W8iEwi-g5-Gs_7kAhXq5MQKHTeyAgs="}},"triggerCondition":"TRIGGER_CONDITION_POST_AD","style":"STYLE_MESSAGE","trackingParams":"CAEQ42kYACITCL6Dn4az_uQCFerkxAodN7ICCw==","impressionEndpoints":[{"clickTrackingParams":"CAEQ42kYACITCL6Dn4az_uQCFerkxAodN7ICCw==","feedbackEndpoint":{"feedbackToken":"AB9zfpJ-jl7it-T5b-vqj0LGNBoIbYvTPUsMc-duZqMIC3hrFdd3rDjyobL6OrS-mrtqxIEr12IbvIfl0Wn4v050oxpmzzCF982wSl-734oPgsPdsYyY-3P9oLH5FuqktJWMH6LuaEU64EdiT0uHrTOUpOs4kS9NvQ","uiActions":{"hideEnclosingContainer":false}}}],"isVisible":true,"messageTitle":{"runs":[{"text":"Where music meets your desktop"}]}}}],"adSafetyReason":{"apmUserPreference":{},"isEmbed":true}}']}
2019-10-02 20:19:48,432 - start_pytomo.py:787 - DEBUG - For url=www.youtube.com/watch?v=x9unglcjOeo the cache urls are []
2019-10-02 20:19:48,432 - start_pytomo.py:789 - ERROR - Error retrieving cache for: www.youtube.com/watch?v=x9unglcjOeo
2019-10-02 20:19:48,433 - start_pytomo.py:757 - DEBUG - Crawl of url# 0: www.youtube.com/watch?v=-mU0JIR68PM
2019-10-02 20:19:48,433 - lib_youtube_download.py:290 - DEBUG - instanciate a Youtube FileDownloader with download_time: 30.0
2019-10-02 20:19:48,433 - lib_general_download.py:191 - DEBUG - Max download_time is: 30
2019-10-02 20:19:48,433 - lib_youtube_download.py:295 - DEBUG - Download webpage -mU0JIR68PM
2019-10-02 20:19:48,677 - lib_youtube_download.py:160 - DEBUG - 27 keys of video_info are : ['account_playback_token', 'enablecsi', 'fflags', 'cbr', 'fexp', 'vss_host', 'csi_page_type', 'cr', 'host_language', 'csn', 'fmt_list', 'innertube_api_version', 'cver', 'gapi_hint_params', 'status', 'url_encoded_fmt_stream_map', 'innertube_api_key', 'watermark', 'timestamp', 'c', 'root_ve_type', 'innertube_context_client_version', 'hl', 'adaptive_fmts', 'cos', 'cbrver', 'player_response']
2019-10-02 20:19:48,677 - lib_youtube_download.py:161 - DEBUG - video_info['account_playback_token'] : ['QUFFLUhqa1ZzcjVWQW9vNTJrOXJYdjVHOURJQnZ1RWNOQXxBQ3Jtc0tramc5d3RVVEdGejdpbWs3WlJnX1c0dk8xcFVkRjhwSkFnUmhTbWtremliYlU5TmpnbVpqa25LMml6S0VsVU5IRkltbkxnSXdJcFVnUC1ScWdfRGREemNHWG5Lb1dQMUtTRG9qQ2NDVld0eEV5SFlXRQ==']
2019-10-02 20:19:48,678 - lib_youtube_download.py:341 - DEBUG - Cache url found: https://r3---sn-n4v7knlz.googlevideo.com/videoplayback?expire=1570069188&ei=ZAaVXdShHoaJkwbSzIq4DQ&ip=13.52.99.224&id=o-AKlWDUgFlvT-7HjENs723rTupcd2cbLcBlkB2rTs8npK&itag=18&source=youtube&requiressl=yes&mm=31%2C26&mn=sn-n4v7knlz%2Csn-nx5s7n7z&ms=au%2Conr&mv=m&mvi=2&pl=19&pcm2=yes&initcwndbps=2537500&mime=video%2Fmp4&gir=yes&clen=50985363&ratebypass=yes&dur=804.385&lmt=1456687422157430&mt=1570047457&fvip=3&fexp=23842630&c=WEB&sparams=expire%2Cei%2Cip%2Cid%2Citag%2Csource%2Crequiressl%2Cpcm2%2Cmime%2Cgir%2Cclen%2Cratebypass%2Cdur%2Clmt&sig=ALgxI2wwRAIgKnJqwWczGRfPTtpTOHVA1Q8vqzv4UivCevY3Hxn8Vj4CICkF54vNUOvUUTS_clJgcqjTCV7-zCMLA1-0Ou9OH8Zf&lsparams=mm%2Cmn%2Cms%2Cmv%2Cmvi%2Cpl%2Cinitcwndbps&lsig=AHylml4wRQIhANEpwb_eiIX9NtSTftSkVh0D2Arf2xvSYZ3c8dwZhlsvAiB_1xuBXQddBnI-vRmNW6Zg_nX1juqsMCyk_nKNhOyZng%3D%3D
2019-10-02 20:19:48,746 - start_pytomo.py:1510 - CRITICAL - Crawl interrupted by user
2019-10-02 20:19:48,746 - start_pytomo.py:1513 - DEBUG - {'0.0.0': 0}
2019-10-02 20:19:48,746 - start_pytomo.py:1219 - CRITICAL - Hash of database file: 0c1b3baa4b77c0395f1dcf9664c46098
