2019-09-27 14:14:22,574 - start_pytomo.py:1252 - CRITICAL - Log level set to DEBUG
2019-09-27 14:14:22,574 - start_pytomo.py:1259 - CRITICAL - YoutubeHelper: pytomo.util.YoutubeHelper
2019-09-27 14:14:22,574 - start_pytomo.py:1259 - CRITICAL - snmp_pytomoIpCount: .1.3.6.1.3.53.5.9.3.1.1.2
2019-09-27 14:14:22,574 - start_pytomo.py:1259 - CRITICAL - snmp_pytomoBufferingDuration: .1.3.6.1.3.53.5.9.2.1.1.23
2019-09-27 14:14:22,574 - start_pytomo.py:1259 - CRITICAL - snmp_pytomoCacheUrl: .1.3.6.1.3.53.5.9.2.1.1.4
2019-09-27 14:14:22,574 - start_pytomo.py:1259 - CRITICAL - snmp_pytomoPingMax: .1.3.6.1.3.53.5.9.2.1.1.12
2019-09-27 14:14:22,574 - start_pytomo.py:1259 - CRITICAL - HTTP_REDIRECT_SWITCH_PROXY: 306
2019-09-27 14:14:22,574 - start_pytomo.py:1259 - CRITICAL - DELAY_BETWEEN_REQUESTS: 10
2019-09-27 14:14:22,574 - start_pytomo.py:1259 - CRITICAL - MAX_NB_TRIES_ENCODING: 9
2019-09-27 14:14:22,574 - start_pytomo.py:1259 - CRITICAL - RRD_DIR: rrds
2019-09-27 14:14:22,574 - start_pytomo.py:1259 - CRITICAL - snmp_pytomoUrlStats: .1.3.6.1.3.53.5.9.2.1.1
2019-09-27 14:14:22,574 - start_pytomo.py:1259 - CRITICAL - INPUT_FILE: None
2019-09-27 14:14:22,574 - start_pytomo.py:1259 - CRITICAL - DOWNLOAD_TIME: 30.0
2019-09-27 14:14:22,574 - start_pytomo.py:1259 - CRITICAL - HTTP_REDIRECT_MOVED_PERMANENTLY: 301
2019-09-27 14:14:22,574 - start_pytomo.py:1259 - CRITICAL - snmp_pytomoResolver: .1.3.6.1.3.53.5.9.2.1.1.7
2019-09-27 14:14:22,574 - start_pytomo.py:1259 - CRITICAL - snmp_pytomoCacheServerDelay: .1.3.6.1.3.53.5.9.2.1.1.5
2019-09-27 14:14:22,574 - start_pytomo.py:1259 - CRITICAL - CRITICAL: 50
2019-09-27 14:14:22,574 - start_pytomo.py:1259 - CRITICAL - snmp_pytomoVideoDuration: .1.3.6.1.3.53.5.9.2.1.1.15
2019-09-27 14:14:22,575 - start_pytomo.py:1259 - CRITICAL - SEP_LINE: ################################################################################
2019-09-27 14:14:22,575 - start_pytomo.py:1259 - CRITICAL - BATCH_MODE: False
2019-09-27 14:14:22,575 - start_pytomo.py:1259 - CRITICAL - snmp_pytomoContact: .1.3.6.1.3.53.5.9.1.3
2019-09-27 14:14:22,575 - start_pytomo.py:1259 - CRITICAL - NAME_TO_LEVEL: {'DEBUG': 10, 'INFO': 20, 'WARNING': 30, 'CRITICAL': 50, 'ERROR': 40}
2019-09-27 14:14:22,575 - start_pytomo.py:1259 - CRITICAL - snmp_pytomoSleepTime: .1.3.6.1.3.53.5.9.1.5
2019-09-27 14:14:22,575 - start_pytomo.py:1259 - CRITICAL - DOWNLOADED_BY_IP: {}
2019-09-27 14:14:22,575 - start_pytomo.py:1259 - CRITICAL - INITIAL_PLAYBACK_DURATION: 2000
2019-09-27 14:14:22,575 - start_pytomo.py:1259 - CRITICAL - video_file_path: /home/ubuntu/youtube/code/pytomo/pytomo/../../../data/random_100.json
2019-09-27 14:14:22,575 - start_pytomo.py:1259 - CRITICAL - CENTRALISATION_SERVER: pytomo.dtdns.net
2019-09-27 14:14:22,575 - start_pytomo.py:1259 - CRITICAL - CLOUDFLARE_DNS: ('cloudflare_dns', '1.1.1.1')
2019-09-27 14:14:22,575 - start_pytomo.py:1259 - CRITICAL - NB_DOWNLOAD_VALUES: 15
2019-09-27 14:14:22,575 - start_pytomo.py:1259 - CRITICAL - snmp_pytomoAddressIp: .1.3.6.1.3.53.5.9.2.1.1.6
2019-09-27 14:14:22,575 - start_pytomo.py:1259 - CRITICAL - HTTP_REDIRECT_TEMPORARY_REDIRECT: 307
2019-09-27 14:14:22,575 - start_pytomo.py:1259 - CRITICAL - IPADDR_TIMEOUT: 5
2019-09-27 14:14:22,575 - start_pytomo.py:1259 - CRITICAL - LOG_PUBLIC_IP: True
2019-09-27 14:14:22,575 - start_pytomo.py:1259 - CRITICAL - MAX_ROUND_DURATION: 600
2019-09-27 14:14:22,575 - start_pytomo.py:1259 - CRITICAL - HTTP_REDIRECT_CODE_LIST: (300, 301, 302, 303, 304, 305, 306, 307, 308)
2019-09-27 14:14:22,575 - start_pytomo.py:1259 - CRITICAL - MAX_ROUNDS: 10000
2019-09-27 14:14:22,575 - start_pytomo.py:1259 - CRITICAL - snmp_pytomoVideoLength: .1.3.6.1.3.53.5.9.2.1.1.16
2019-09-27 14:14:22,575 - start_pytomo.py:1259 - CRITICAL - RRD_FILE: pytomo.rrd
2019-09-27 14:14:22,575 - start_pytomo.py:1259 - CRITICAL - OPEN_DNS: ('open_dns', '208.67.220.220')
2019-09-27 14:14:22,575 - start_pytomo.py:1259 - CRITICAL - LOOP: False
2019-09-27 14:14:22,575 - start_pytomo.py:1259 - CRITICAL - DATABASE_DIR: databases
2019-09-27 14:14:22,575 - start_pytomo.py:1259 - CRITICAL - AS_IDX: 8
2019-09-27 14:14:22,575 - start_pytomo.py:1259 - CRITICAL - snmp_pytomoDescr: .1.3.6.1.3.53.5.9.1.2
2019-09-27 14:14:22,575 - start_pytomo.py:1259 - CRITICAL - HTTP_REDIRECT_MULTIPLE_CHOICES: 300
2019-09-27 14:14:22,575 - start_pytomo.py:1259 - CRITICAL - BlackListException: <class 'pytomo.config_pytomo.BlackListException'>
2019-09-27 14:14:22,575 - start_pytomo.py:1259 - CRITICAL - snmp_pytomoPlaybackDuration: .1.3.6.1.3.53.5.9.2.1.1.24
2019-09-27 14:14:22,575 - start_pytomo.py:1259 - CRITICAL - RESULT_FILE: None
2019-09-27 14:14:22,575 - start_pytomo.py:1259 - CRITICAL - snmp_pytomoDownloadInterruptions: .1.3.6.1.3.53.5.9.2.1.1.19
2019-09-27 14:14:22,575 - start_pytomo.py:1259 - CRITICAL - snmp_pytomoObjectName: .1.3.6.1.3.53.5.9.1.1
2019-09-27 14:14:22,576 - start_pytomo.py:1259 - CRITICAL - TABLE_TIMESTAMP: None
2019-09-27 14:14:22,576 - start_pytomo.py:1259 - CRITICAL - snmp_pytomoDescr_str: Pytomo  is a YouTube crawler designed to figure out network information out of YouTube video download
2019-09-27 14:14:22,576 - start_pytomo.py:1259 - CRITICAL - STATS_IDX: (2, 0, 1, 3, 4, 5, 6, 7, 8, 9, 10, 11, 12, 13, 14, 15, 16, 17, 18, 19, 20, 21, 22, 23, 24, 25, 26, 27, 28)
2019-09-27 14:14:22,576 - start_pytomo.py:1259 - CRITICAL - snmp_pytomoVideoType: .1.3.6.1.3.53.5.9.2.1.1.14
2019-09-27 14:14:22,576 - start_pytomo.py:1259 - CRITICAL - RTT: None
2019-09-27 14:14:22,576 - start_pytomo.py:1259 - CRITICAL - MAX_CRAWLED_URLS: 10000
2019-09-27 14:14:22,576 - start_pytomo.py:1259 - CRITICAL - WARNING: 30
2019-09-27 14:14:22,576 - start_pytomo.py:1259 - CRITICAL - LOG_DIR: logs
2019-09-27 14:14:22,576 - start_pytomo.py:1259 - CRITICAL - snmp_pytomoEncodingRate: .1.3.6.1.3.53.5.9.2.1.1.17
2019-09-27 14:14:22,576 - start_pytomo.py:1259 - CRITICAL - snmp_pytomoRedirectUrl: .1.3.6.1.3.53.5.9.2.1.1.28
2019-09-27 14:14:22,576 - start_pytomo.py:1259 - CRITICAL - EXTRA_COUNTRY: None
2019-09-27 14:14:22,576 - start_pytomo.py:1259 - CRITICAL - HD_FIRST: False
2019-09-27 14:14:22,576 - start_pytomo.py:1259 - CRITICAL - IMAGE_DIR: plots
2019-09-27 14:14:22,576 - start_pytomo.py:1259 - CRITICAL - MIN_PLAYOUT_RESTART: 1.0
2019-09-27 14:14:22,576 - start_pytomo.py:1259 - CRITICAL - EXTRA_NAME_SERVERS_CC: []
2019-09-27 14:14:22,576 - start_pytomo.py:1259 - CRITICAL - AS_URL_TIMEOUT: 15
2019-09-27 14:14:22,576 - start_pytomo.py:1259 - CRITICAL - LEVEL_TO_NAME: {40: 'ERROR', 10: 'DEBUG', 20: 'INFO', 50: 'CRITICAL', 30: 'WARNING'}
2019-09-27 14:14:22,576 - start_pytomo.py:1259 - CRITICAL - NB_RELATED_VALUES: 2
2019-09-27 14:14:22,576 - start_pytomo.py:1259 - CRITICAL - snmp_pytomoResolveTime: .1.3.6.1.3.53.5.9.2.1.1.8
2019-09-27 14:14:22,577 - start_pytomo.py:1259 - CRITICAL - ERROR: 40
2019-09-27 14:14:22,577 - start_pytomo.py:1259 - CRITICAL - DEBUG: 10
2019-09-27 14:14:22,577 - start_pytomo.py:1259 - CRITICAL - snmp_pytomoBufferDurationAtEnd: .1.3.6.1.3.53.5.9.2.1.1.25
2019-09-27 14:14:22,577 - start_pytomo.py:1259 - CRITICAL - GOOGLE_PUBLIC_DNS: ('google_public_dns', '8.8.8.8')
2019-09-27 14:14:22,577 - start_pytomo.py:1259 - CRITICAL - DATABASE_TIMESTAMP: None
2019-09-27 14:14:22,577 - start_pytomo.py:1259 - CRITICAL - HTTP_REDIRECT_USE_PROXY: 305
2019-09-27 14:14:22,577 - start_pytomo.py:1259 - CRITICAL - TS_IDX: 0
2019-09-27 14:14:22,577 - start_pytomo.py:1259 - CRITICAL - PROVIDER: 
2019-09-27 14:14:22,577 - start_pytomo.py:1259 - CRITICAL - PROXIES: None
2019-09-27 14:14:22,577 - start_pytomo.py:1259 - CRITICAL - os: <module 'os' from '/usr/lib/python2.7/os.pyc'>
2019-09-27 14:14:22,577 - start_pytomo.py:1259 - CRITICAL - BLACK_LISTED: das_captcha
2019-09-27 14:14:22,577 - start_pytomo.py:1259 - CRITICAL - snmp_pytomoDownloadTime: .1.3.6.1.3.53.5.9.2.1.1.13
2019-09-27 14:14:22,577 - start_pytomo.py:1259 - CRITICAL - current_directory: /home/ubuntu/youtube/code/pytomo/pytomo
2019-09-27 14:14:22,577 - start_pytomo.py:1259 - CRITICAL - DEMO: False
2019-09-27 14:14:22,577 - start_pytomo.py:1259 - CRITICAL - CRAWLED_URLS_MODULO: 5
2019-09-27 14:14:22,577 - start_pytomo.py:1259 - CRITICAL - snmp_pytomoInitialData: .1.3.6.1.3.53.5.9.2.1.1.20
2019-09-27 14:14:22,577 - start_pytomo.py:1259 - CRITICAL - snmp_pytomoASCount: .1.3.6.1.3.53.5.9.4.1.1.2
2019-09-27 14:14:22,577 - start_pytomo.py:1259 - CRITICAL - snmp_pytomoGblStats: .1.3.6.1.3.53.5.9.1
2019-09-27 14:14:22,577 - start_pytomo.py:1259 - CRITICAL - snmp_pytomoIpName: .1.3.6.1.3.53.5.9.3.1.1.1
2019-09-27 14:14:22,577 - start_pytomo.py:1259 - CRITICAL - URL_TIMEOUT: 5
2019-09-27 14:14:22,577 - start_pytomo.py:1259 - CRITICAL - STATIC_URL_LIST: [u'www.youtube.com/watch?v=c5qP3bkNEeI', u'www.youtube.com/watch?v=KsCtcpQThDg', u'www.youtube.com/watch?v=6AG5U-w6PM4', u'www.youtube.com/watch?v=Ya4Tq9k3SIs', u'www.youtube.com/watch?v=L5d7-WDeWm4', u'www.youtube.com/watch?v=9xlBE1aeFhY', u'www.youtube.com/watch?v=8uFqfZOiwMc', u'www.youtube.com/watch?v=hoieWjBb2q4', u'www.youtube.com/watch?v=Sd8TwJlzmJ4', u'www.youtube.com/watch?v=6jUz61_Ug1s', u'www.youtube.com/watch?v=ykLg-SarwZ8', u'www.youtube.com/watch?v=0ZaBbUETEak', u'www.youtube.com/watch?v=rFPAtHqDIbg', u'www.youtube.com/watch?v=W1E3sKoS9hc', u'www.youtube.com/watch?v=RaEVpJUJjpM', u'www.youtube.com/watch?v=g4--uXu0doA', u'www.youtube.com/watch?v=8wsqSxtBX0M', u'www.youtube.com/watch?v=F8DMW1kcLKk', u'www.youtube.com/watch?v=wBTzELe1_XA', u'www.youtube.com/watch?v=0hn8Y5ChZzo', u'www.youtube.com/watch?v=SLthRP8vqtI', u'www.youtube.com/watch?v=JyUDK0uZ1oI', u'www.youtube.com/watch?v=-mU0JIR68PM', u'www.youtube.com/watch?v=kwJsHkK4pCM', u'www.youtube.com/watch?v=QnQF_zFArHg', u'www.youtube.com/watch?v=Lt4bQaPvsdQ', u'www.youtube.com/watch?v=8jPtB4in2x4', u'www.youtube.com/watch?v=Wn1FH9BS-Ic', u'www.youtube.com/watch?v=CGNzWpfDWak', u'www.youtube.com/watch?v=ZJym4cav7LE', u'www.youtube.com/watch?v=5E1X4qEhjiM', u'www.youtube.com/watch?v=yGAJYcm0bw8', u'www.youtube.com/watch?v=CMNahhgR_ss', u'www.youtube.com/watch?v=4rZgCndm4FQ', u'www.youtube.com/watch?v=Ac3uHZteRvE', u'www.youtube.com/watch?v=xhojiVhxE1Q', u'www.youtube.com/watch?v=9iGFLuHYz2k', u'www.youtube.com/watch?v=OSwKf4ufBos', u'www.youtube.com/watch?v=_dOePgjxSPU', u'www.youtube.com/watch?v=Wj1w7vD45fs', u'www.youtube.com/watch?v=dZ9Y1yDP-fw', u'www.youtube.com/watch?v=GUPhCWUVwaE', u'www.youtube.com/watch?v=E14c7Iizhiw', u'www.youtube.com/watch?v=F297SaVchhc', u'www.youtube.com/watch?v=vdtvuhKPpcw', u'www.youtube.com/watch?v=a2v_zGWawP0', u'www.youtube.com/watch?v=tFvTAz_Hsdc', u'www.youtube.com/watch?v=c1A5vJWM0Zg', u'www.youtube.com/watch?v=FvSZAgQUbEI', u'www.youtube.com/watch?v=1rdF4t4B59U', u'www.youtube.com/watch?v=tCgiFlxBcTo', u'www.youtube.com/watch?v=Vfx4PMwQcl0', u'www.youtube.com/watch?v=XXU59-FKv2I', u'www.youtube.com/watch?v=XE7Um6xTDig', u'www.youtube.com/watch?v=v9hytzDtKsw', u'www.youtube.com/watch?v=jC1PHMaVPvI', u'www.youtube.com/watch?v=vOka1aTd0xQ', u'www.youtube.com/watch?v=ArKMgzURE30', u'www.youtube.com/watch?v=1fWd9eBScgY', u'www.youtube.com/watch?v=OrXhbzW946Y', u'www.youtube.com/watch?v=x9unglcjOeo', u'www.youtube.com/watch?v=JD-g4KNKOnI', u'www.youtube.com/watch?v=HJuam53ARr4', u'www.youtube.com/watch?v=b8l49Pp3p4Q', u'www.youtube.com/watch?v=8Ur9211X9aU', u'www.youtube.com/watch?v=bLLDxaXVWls', u'www.youtube.com/watch?v=FGIqEVsIrBU', u'www.youtube.com/watch?v=p2ZljzdGPUg', u'www.youtube.com/watch?v=KE-YB08BAqw', u'www.youtube.com/watch?v=8N8WekXupV8', u'www.youtube.com/watch?v=QYkXXGzfSlk', u'www.youtube.com/watch?v=LWiAwIa2H7c', u'www.youtube.com/watch?v=Iq9MmpkLoD0', u'www.youtube.com/watch?v=4vszGcGzSjU', u'www.youtube.com/watch?v=I1ZyO-YpRRs', u'www.youtube.com/watch?v=QY9fkiYWBAk', u'www.youtube.com/watch?v=J3jiXetRl0o', u'www.youtube.com/watch?v=jrZC7smYvCQ', u'www.youtube.com/watch?v=OZt40pkwKWk', u'www.youtube.com/watch?v=CCGIKrSoSa4', u'www.youtube.com/watch?v=Ikp0WMpvmNs', u'www.youtube.com/watch?v=mmL496WA7m8', u'www.youtube.com/watch?v=W1HJ-Y-u47A', u'www.youtube.com/watch?v=2DvGn1-FIvQ', u'www.youtube.com/watch?v=Wyo4I4gvWkU', u'www.youtube.com/watch?v=gK2y_-_S3R8', u'www.youtube.com/watch?v=Rl5OQAy64zM', u'www.youtube.com/watch?v=1lKSjjGSK6U', u'www.youtube.com/watch?v=3S31gULBLIQ', u'www.youtube.com/watch?v=VaKhk5RFKRg', u'www.youtube.com/watch?v=7FRLkUXc1Q4', u'www.youtube.com/watch?v=ucx8ub5tbGw', u'www.youtube.com/watch?v=ODwBvgo_1hM', u'www.youtube.com/watch?v=B9FA2s-XVKo', u'www.youtube.com/watch?v=jsGBuu88WE0', u'www.youtube.com/watch?v=pPDabjCM9ZM', u'www.youtube.com/watch?v=DKftiJS30Cs', u'www.youtube.com/watch?v=RtcmTexLnaw', u'www.youtube.com/watch?v=f2tlSDQ8lOM', u'www.youtube.com/watch?v=os1ZKv-8Oe4', u'www.youtube.com/watch?v=jS13Bkmf7tA']
2019-09-27 14:14:22,577 - start_pytomo.py:1259 - CRITICAL - NB_FIELDS: 28
2019-09-27 14:14:22,577 - start_pytomo.py:1259 - CRITICAL - RELATED: False
2019-09-27 14:14:22,577 - start_pytomo.py:1259 - CRITICAL - NB_PING_VALUES: 3
2019-09-27 14:14:22,577 - start_pytomo.py:1259 - CRITICAL - CRAWL_SERVICE: youtube
2019-09-27 14:14:22,577 - start_pytomo.py:1259 - CRITICAL - TABLE: pytomo_crawl
2019-09-27 14:14:22,577 - start_pytomo.py:1259 - CRITICAL - DNS_TIMEOUT: 4.0
2019-09-27 14:14:22,578 - start_pytomo.py:1259 - CRITICAL - DOC_DIR: templates/doc/
2019-09-27 14:14:22,578 - start_pytomo.py:1259 - CRITICAL - COLUMN_NAMES: ['DownloadBytes', 'MaxInstantThp', 'PingMin', 'PingAvg', 'PingMax', 'DownloadTime', 'VideoDuration', 'VideoLength', 'EncodingRate', 'DownloadBytes', 'DownloadInterruptions', 'BufferingDuration', 'PlaybackDuration', 'BufferDurationAtEnd', 'MaxInstantThp']
2019-09-27 14:14:22,578 - start_pytomo.py:1259 - CRITICAL - snmp_pytomoASStats: .1.3.6.1.3.53.5.9.4.1.1
2019-09-27 14:14:22,578 - start_pytomo.py:1259 - CRITICAL - MAX_PER_PAGE: 10
2019-09-27 14:14:22,578 - start_pytomo.py:1259 - CRITICAL - IP_IDX: 5
2019-09-27 14:14:22,578 - start_pytomo.py:1259 - CRITICAL - USER_INPUT_TIMEOUT: 10
2019-09-27 14:14:22,578 - start_pytomo.py:1259 - CRITICAL - TIME_FRAME: today
2019-09-27 14:14:22,578 - start_pytomo.py:1259 - CRITICAL - STD_HEADERS: {'Accept-Charset': 'ISO-8859-1,utf-8;q=0.7,*;q=0.7', 'Cookie': 'YSC=h9wy7hcXxIo; VISITOR_INFO1_LIVE=d5TlLfzb2K0; PREF=f1=50000000; s_gl=1d69aac621b2f9c0a25dade722d6e24bcwIAAABVUw==', 'Accept-Language': 'en-us,en;q=0.5', 'Accept': 'text/html,application/xhtml+xml,application/xml;q=0.9,*/*;q=0.8', 'User-Agent': 'Mozilla/5.0 (X11; U; Linux x86_64; en-US; rv:10.0)     Gecko/20100101 Firefox/10.0'}
2019-09-27 14:14:22,578 - start_pytomo.py:1259 - CRITICAL - snmp_pytomoASName: .1.3.6.1.3.53.5.9.4.1.1.1
2019-09-27 14:14:22,578 - start_pytomo.py:1259 - CRITICAL - snmp_pytomoAsNumber: .1.3.6.1.3.53.5.9.2.1.1.9
2019-09-27 14:14:22,578 - start_pytomo.py:1259 - CRITICAL - IMAGE_FILE: pytomo_image.png
2019-09-27 14:14:22,578 - start_pytomo.py:1259 - CRITICAL - FREQ_FULL_DOWNLOAD: None
2019-09-27 14:14:22,578 - start_pytomo.py:1259 - CRITICAL - WEB_DEFAULT_PORT: 5555
2019-09-27 14:14:22,578 - start_pytomo.py:1259 - CRITICAL - INFO: 20
2019-09-27 14:14:22,578 - start_pytomo.py:1259 - CRITICAL - PLOT: False
2019-09-27 14:14:22,578 - start_pytomo.py:1259 - CRITICAL - HTTP_REDIRECT_PERMANENT_REDIRECT: 308
2019-09-27 14:14:22,578 - start_pytomo.py:1259 - CRITICAL - DOWNLOAD_FROM_EXTRA_IPS: False
2019-09-27 14:14:22,578 - start_pytomo.py:1259 - CRITICAL - DATABASE: pytomo_database.db
2019-09-27 14:14:22,578 - start_pytomo.py:1259 - CRITICAL - video_json: {u'items': [{u'id': u'c5qP3bkNEeI'}, {u'id': u'KsCtcpQThDg'}, {u'id': u'6AG5U-w6PM4'}, {u'id': u'Ya4Tq9k3SIs'}, {u'id': u'L5d7-WDeWm4'}, {u'id': u'9xlBE1aeFhY'}, {u'id': u'8uFqfZOiwMc'}, {u'id': u'hoieWjBb2q4'}, {u'id': u'Sd8TwJlzmJ4'}, {u'id': u'6jUz61_Ug1s'}, {u'id': u'ykLg-SarwZ8'}, {u'id': u'0ZaBbUETEak'}, {u'id': u'rFPAtHqDIbg'}, {u'id': u'W1E3sKoS9hc'}, {u'id': u'RaEVpJUJjpM'}, {u'id': u'g4--uXu0doA'}, {u'id': u'8wsqSxtBX0M'}, {u'id': u'F8DMW1kcLKk'}, {u'id': u'wBTzELe1_XA'}, {u'id': u'0hn8Y5ChZzo'}, {u'id': u'SLthRP8vqtI'}, {u'id': u'JyUDK0uZ1oI'}, {u'id': u'-mU0JIR68PM'}, {u'id': u'kwJsHkK4pCM'}, {u'id': u'QnQF_zFArHg'}, {u'id': u'Lt4bQaPvsdQ'}, {u'id': u'8jPtB4in2x4'}, {u'id': u'Wn1FH9BS-Ic'}, {u'id': u'CGNzWpfDWak'}, {u'id': u'ZJym4cav7LE'}, {u'id': u'5E1X4qEhjiM'}, {u'id': u'yGAJYcm0bw8'}, {u'id': u'CMNahhgR_ss'}, {u'id': u'4rZgCndm4FQ'}, {u'id': u'Ac3uHZteRvE'}, {u'id': u'xhojiVhxE1Q'}, {u'id': u'9iGFLuHYz2k'}, {u'id': u'OSwKf4ufBos'}, {u'id': u'_dOePgjxSPU'}, {u'id': u'Wj1w7vD45fs'}, {u'id': u'dZ9Y1yDP-fw'}, {u'id': u'GUPhCWUVwaE'}, {u'id': u'E14c7Iizhiw'}, {u'id': u'F297SaVchhc'}, {u'id': u'vdtvuhKPpcw'}, {u'id': u'a2v_zGWawP0'}, {u'id': u'tFvTAz_Hsdc'}, {u'id': u'c1A5vJWM0Zg'}, {u'id': u'FvSZAgQUbEI'}, {u'id': u'1rdF4t4B59U'}, {u'id': u'tCgiFlxBcTo'}, {u'id': u'Vfx4PMwQcl0'}, {u'id': u'XXU59-FKv2I'}, {u'id': u'XE7Um6xTDig'}, {u'id': u'v9hytzDtKsw'}, {u'id': u'jC1PHMaVPvI'}, {u'id': u'vOka1aTd0xQ'}, {u'id': u'ArKMgzURE30'}, {u'id': u'1fWd9eBScgY'}, {u'id': u'OrXhbzW946Y'}, {u'id': u'x9unglcjOeo'}, {u'id': u'JD-g4KNKOnI'}, {u'id': u'HJuam53ARr4'}, {u'id': u'b8l49Pp3p4Q'}, {u'id': u'8Ur9211X9aU'}, {u'id': u'bLLDxaXVWls'}, {u'id': u'FGIqEVsIrBU'}, {u'id': u'p2ZljzdGPUg'}, {u'id': u'KE-YB08BAqw'}, {u'id': u'8N8WekXupV8'}, {u'id': u'QYkXXGzfSlk'}, {u'id': u'LWiAwIa2H7c'}, {u'id': u'Iq9MmpkLoD0'}, {u'id': u'4vszGcGzSjU'}, {u'id': u'I1ZyO-YpRRs'}, {u'id': u'QY9fkiYWBAk'}, {u'id': u'J3jiXetRl0o'}, {u'id': u'jrZC7smYvCQ'}, {u'id': u'OZt40pkwKWk'}, {u'id': u'CCGIKrSoSa4'}, {u'id': u'Ikp0WMpvmNs'}, {u'id': u'mmL496WA7m8'}, {u'id': u'W1HJ-Y-u47A'}, {u'id': u'2DvGn1-FIvQ'}, {u'id': u'Wyo4I4gvWkU'}, {u'id': u'gK2y_-_S3R8'}, {u'id': u'Rl5OQAy64zM'}, {u'id': u'1lKSjjGSK6U'}, {u'id': u'3S31gULBLIQ'}, {u'id': u'VaKhk5RFKRg'}, {u'id': u'7FRLkUXc1Q4'}, {u'id': u'ucx8ub5tbGw'}, {u'id': u'ODwBvgo_1hM'}, {u'id': u'B9FA2s-XVKo'}, {u'id': u'jsGBuu88WE0'}, {u'id': u'pPDabjCM9ZM'}, {u'id': u'DKftiJS30Cs'}, {u'id': u'RtcmTexLnaw'}, {u'id': u'f2tlSDQ8lOM'}, {u'id': u'os1ZKv-8Oe4'}, {u'id': u'jS13Bkmf7tA'}]}
2019-09-27 14:14:22,578 - start_pytomo.py:1259 - CRITICAL - EXTRA_NAME_SERVERS: [('google_public_dns', '8.8.8.8'), ('open_dns', '208.67.220.220'), ('cloudflare_dns', '1.1.1.1')]
2019-09-27 14:14:22,578 - start_pytomo.py:1259 - CRITICAL - SNMP: False
2019-09-27 14:14:22,578 - start_pytomo.py:1259 - CRITICAL - snmp_pytomoIpStats: .1.3.6.1.3.53.5.9.3.1.1
2019-09-27 14:14:22,578 - start_pytomo.py:1259 - CRITICAL - INITIAL_BUFFER: 2.0
2019-09-27 14:14:22,578 - start_pytomo.py:1259 - CRITICAL - CENTRALISE_DATA: False
2019-09-27 14:14:22,578 - start_pytomo.py:1259 - CRITICAL - ROOT_OID: .1.3.6.1.3.53.5.9
2019-09-27 14:14:22,578 - start_pytomo.py:1259 - CRITICAL - HTTP_REDIRECT_FOUND: 302
2019-09-27 14:14:22,578 - start_pytomo.py:1259 - CRITICAL - PING_PACKETS: 10
2019-09-27 14:14:22,578 - start_pytomo.py:1259 - CRITICAL - USE_PACKAGE_DIR: False
2019-09-27 14:14:22,578 - start_pytomo.py:1259 - CRITICAL - SKIP_COMPUTED: False
2019-09-27 14:14:22,578 - start_pytomo.py:1259 - CRITICAL - RESULT_DIR: results
2019-09-27 14:14:22,579 - start_pytomo.py:1259 - CRITICAL - LOG: <logging.Logger object at 0x7fd445becf50>
2019-09-27 14:14:22,579 - start_pytomo.py:1259 - CRITICAL - MAX_DOWNLOAD_TIME: 600.0
2019-09-27 14:14:22,579 - start_pytomo.py:1259 - CRITICAL - PDF_DIR: pdfs
2019-09-27 14:14:22,579 - start_pytomo.py:1259 - CRITICAL - snmp_pytomoStatusCode: .1.3.6.1.3.53.5.9.2.1.1.29
2019-09-27 14:14:22,579 - start_pytomo.py:1259 - CRITICAL - RRD_PLOT_DIR: images
2019-09-27 14:14:22,579 - start_pytomo.py:1259 - CRITICAL - snmp_pytomoUrlIndex: .1.3.6.1.3.53.5.9.2.1.1.1
2019-09-27 14:14:22,579 - start_pytomo.py:1259 - CRITICAL - LOG_LEVEL: 10
2019-09-27 14:14:22,579 - start_pytomo.py:1259 - CRITICAL - PDF_FILE: report.pdf
2019-09-27 14:14:22,579 - start_pytomo.py:1259 - CRITICAL - DOWNLOADED_BY_AS: {}
2019-09-27 14:14:22,579 - start_pytomo.py:1259 - CRITICAL - snmp_pytomoTimeTogetFirstByte: .1.3.6.1.3.53.5.9.2.1.1.26
2019-09-27 14:14:22,579 - start_pytomo.py:1259 - CRITICAL - snmp_pytomoDownloadDuration: .1.3.6.1.3.53.5.9.1.4
2019-09-27 14:14:22,579 - start_pytomo.py:1259 - CRITICAL - snmp_pytomoPingMin: .1.3.6.1.3.53.5.9.2.1.1.10
2019-09-27 14:14:22,579 - start_pytomo.py:1259 - CRITICAL - snmp_pytomoInitialPlaybackBuffer: .1.3.6.1.3.53.5.9.2.1.1.22
2019-09-27 14:14:22,579 - start_pytomo.py:1259 - CRITICAL - MIN_PLAYOUT_BUFFER: 0.1
2019-09-27 14:14:22,579 - start_pytomo.py:1259 - CRITICAL - TEMPLATE_FILE: index.html
2019-09-27 14:14:22,579 - start_pytomo.py:1259 - CRITICAL - snmp_pytomoInitialRate: .1.3.6.1.3.53.5.9.2.1.1.21
2019-09-27 14:14:22,579 - start_pytomo.py:1259 - CRITICAL - URL_IDX: 2
2019-09-27 14:14:22,579 - start_pytomo.py:1259 - CRITICAL - MAX_PER_URL: 10
2019-09-27 14:14:22,579 - start_pytomo.py:1259 - CRITICAL - TEMPLATES_DIR: templates
2019-09-27 14:14:22,579 - start_pytomo.py:1259 - CRITICAL - MAX_NB_REDIRECT: 10
2019-09-27 14:14:22,579 - start_pytomo.py:1259 - CRITICAL - LOG_FILE: pytomo.log
2019-09-27 14:14:22,579 - start_pytomo.py:1259 - CRITICAL - snmp_pytomoContact_str: Jean-Luc Sire / Pascal Beringuie 
2019-09-27 14:14:22,579 - start_pytomo.py:1259 - CRITICAL - snmp_pytomoService: .1.3.6.1.3.53.5.9.2.1.1.3
2019-09-27 14:14:22,579 - start_pytomo.py:1259 - CRITICAL - load_json_from_file: <function load_json_from_file at 0x7fd4463c2c08>
2019-09-27 14:14:22,579 - start_pytomo.py:1259 - CRITICAL - NB_IDENT_VALUES: 8
2019-09-27 14:14:22,579 - start_pytomo.py:1259 - CRITICAL - LOG_FILE_TIMESTAMP: /home/ubuntu/logs/ip-172-31-44-86.youtube.2019-09-27.14_14_22.pytomo.log
2019-09-27 14:14:22,579 - start_pytomo.py:1259 - CRITICAL - SYSTEM: None
2019-09-27 14:14:22,579 - start_pytomo.py:1259 - CRITICAL - snmp_pytomoTimeStamp: .1.3.6.1.3.53.5.9.2.1.1.2
2019-09-27 14:14:22,579 - start_pytomo.py:1259 - CRITICAL - snmp_pytomoObjectName_str: Pytomo instance
2019-09-27 14:14:22,579 - start_pytomo.py:1259 - CRITICAL - HTTP_REDIRECT_SEE_OTHER: 303
2019-09-27 14:14:22,579 - start_pytomo.py:1259 - CRITICAL - snmp_pytomoPingAvg: .1.3.6.1.3.53.5.9.2.1.1.11
2019-09-27 14:14:22,579 - start_pytomo.py:1259 - CRITICAL - HTTP_OK: 200
2019-09-27 14:14:22,580 - start_pytomo.py:1259 - CRITICAL - snmp_pytomoMaxInstantThp: .1.3.6.1.3.53.5.9.2.1.1.27
2019-09-27 14:14:22,580 - start_pytomo.py:1259 - CRITICAL - snmp_pytomoDownloadBytes: .1.3.6.1.3.53.5.9.2.1.1.18
2019-09-27 14:14:22,580 - start_pytomo.py:1259 - CRITICAL - HTTP_REDIRECT_NOT_MODIFIED: 304
2019-09-27 14:14:22,580 - start_pytomo.py:1440 - CRITICAL - Offset between local time and UTC: 0
2019-09-27 14:14:22,580 - start_pytomo.py:1441 - WARNING - Pytomo version = 3.0.5
2019-09-27 14:14:22,582 - start_pytomo.py:1444 - WARNING - Pytomo is running on this system: Linux
